#
# There is insufficient memory for the Java Runtime Environment to continue.
# Native memory allocation (malloc) failed to allocate 975136 bytes for Chunk::new
# Possible reasons:
#   The system is out of physical RAM or swap space
#   The process is running with CompressedOops enabled, and the Java Heap may be blocking the growth of the native heap
# Possible solutions:
#   Reduce memory load on the system
#   Increase physical memory or swap space
#   Check if swap backing store is full
#   Decrease Java heap size (-Xmx/-Xms)
#   Decrease number of Java threads
#   Decrease Java thread stack sizes (-Xss)
#   Set larger code cache with -XX:ReservedCodeCacheSize=
#   JVM is running with Unscaled Compressed Oops mode in which the Java heap is
#     placed in the first 4GB address space. The Java Heap base address is the
#     maximum limit for the native heap growth. Please use -XX:HeapBaseMinAddress
#     to set the Java Heap base and to place the Java Heap above 4GB virtual address.
# This output file may be truncated or incomplete.
#
#  Out of Memory Error (arena.cpp:168), pid=10660, tid=16808
#
# JRE version: Java(TM) SE Runtime Environment (21.0.4+8) (build 21.0.4+8-LTS-274)
# Java VM: Java HotSpot(TM) 64-Bit Server VM (21.0.4+8-LTS-274, mixed mode, sharing, tiered, compressed oops, compressed class ptrs, g1 gc, windows-amd64)
# No core dump will be written. Minidumps are not enabled by default on client versions of Windows
#

---------------  S U M M A R Y ------------

Command Line: --add-opens=java.base/java.util=ALL-UNNAMED --add-opens=java.base/java.lang=ALL-UNNAMED --add-opens=java.base/java.lang.invoke=ALL-UNNAMED --add-opens=java.prefs/java.util.prefs=ALL-UNNAMED --add-exports=jdk.compiler/com.sun.tools.javac.api=ALL-UNNAMED --add-exports=jdk.compiler/com.sun.tools.javac.util=ALL-UNNAMED --add-opens=java.base/java.nio.charset=ALL-UNNAMED --add-opens=java.base/java.net=ALL-UNNAMED --add-opens=java.base/java.util.concurrent.atomic=ALL-UNNAMED -XX:MaxMetaspaceSize=384m -XX:+HeapDumpOnOutOfMemoryError -Xms256m -Xmx512m -Dfile.encoding=UTF-8 -Duser.country=KR -Duser.language=ko -Duser.variant -javaagent:C:\Users\admin\.gradle\wrapper\dists\gradle-8.10.2-bin\a04bxjujx95o3nb99gddekhwo\gradle-8.10.2\lib\agents\gradle-instrumentation-agent-8.10.2.jar org.gradle.launcher.daemon.bootstrap.GradleDaemon 8.10.2

Host: 11th Gen Intel(R) Core(TM) i5-11400 @ 2.60GHz, 12 cores, 15G,  Windows 11 , 64 bit Build 22621 (10.0.22621.3958)
Time: Fri Oct 25 13:58:20 2024  Windows 11 , 64 bit Build 22621 (10.0.22621.3958) elapsed time: 2.555145 seconds (0d 0h 0m 2s)

---------------  T H R E A D  ---------------

Current thread (0x000002a7e66acc60):  JavaThread "C2 CompilerThread1" daemon [_thread_in_native, id=16808, stack(0x000000cf0d400000,0x000000cf0d500000) (1024K)]


Current CompileTask:
C2:   2555 2641   !   4       java.lang.ClassLoader::loadClass (121 bytes)

Stack: [0x000000cf0d400000,0x000000cf0d500000]
Native frames: (J=compiled Java code, j=interpreted, Vv=VM code, C=native code)
V  [jvm.dll+0x6c8e59]
V  [jvm.dll+0x853181]
V  [jvm.dll+0x8556ae]
V  [jvm.dll+0x855d83]
V  [jvm.dll+0x27d526]
V  [jvm.dll+0xc4aad]
V  [jvm.dll+0xc4fe3]
V  [jvm.dll+0x2f038f]
V  [jvm.dll+0x5f406a]
V  [jvm.dll+0x24f102]
V  [jvm.dll+0x24f4bf]
V  [jvm.dll+0x2480c4]
V  [jvm.dll+0x245754]
V  [jvm.dll+0x1c69de]
V  [jvm.dll+0x254d49]
V  [jvm.dll+0x2532da]
V  [jvm.dll+0x3ed426]
V  [jvm.dll+0x7fd65b]
V  [jvm.dll+0x6c753d]
C  [ucrtbase.dll+0x29333]
C  [KERNEL32.DLL+0x1257d]
C  [ntdll.dll+0x5af08]


---------------  P R O C E S S  ---------------

Threads class SMR info:
_java_thread_list=0x000002a781f9a760, length=26, elements={
0x000002a7c8fb2810, 0x000002a7e62bd050, 0x000002a7e62bdf70, 0x000002a7e62c08a0,
0x000002a7e629dfd0, 0x000002a7e629fa40, 0x000002a7e62a04a0, 0x000002a7e62a3370,
0x000002a7e62e3f20, 0x000002a7e63d2e20, 0x000002a7e6506ee0, 0x000002a7e66acc60,
0x000002a780df0c00, 0x000002a780d867e0, 0x000002a781111c60, 0x000002a7810c6b10,
0x000002a7810c9470, 0x000002a7810ee490, 0x000002a7810f2580, 0x000002a7810f4650,
0x000002a7810f32a0, 0x000002a7810f3930, 0x000002a7810f1860, 0x000002a7810f4ce0,
0x000002a7810f1ef0, 0x000002a7825870c0
}

Java Threads: ( => current thread )
  0x000002a7c8fb2810 JavaThread "main"                              [_thread_blocked, id=3652, stack(0x000000cf0c200000,0x000000cf0c300000) (1024K)]
  0x000002a7e62bd050 JavaThread "Reference Handler"          daemon [_thread_blocked, id=22560, stack(0x000000cf0ca00000,0x000000cf0cb00000) (1024K)]
  0x000002a7e62bdf70 JavaThread "Finalizer"                  daemon [_thread_blocked, id=13200, stack(0x000000cf0cb00000,0x000000cf0cc00000) (1024K)]
  0x000002a7e62c08a0 JavaThread "Signal Dispatcher"          daemon [_thread_blocked, id=11972, stack(0x000000cf0cc00000,0x000000cf0cd00000) (1024K)]
  0x000002a7e629dfd0 JavaThread "Attach Listener"            daemon [_thread_blocked, id=23268, stack(0x000000cf0cd00000,0x000000cf0ce00000) (1024K)]
  0x000002a7e629fa40 JavaThread "Service Thread"             daemon [_thread_blocked, id=11388, stack(0x000000cf0ce00000,0x000000cf0cf00000) (1024K)]
  0x000002a7e62a04a0 JavaThread "Monitor Deflation Thread"   daemon [_thread_blocked, id=27324, stack(0x000000cf0cf00000,0x000000cf0d000000) (1024K)]
  0x000002a7e62a3370 JavaThread "C2 CompilerThread0"         daemon [_thread_in_native, id=29276, stack(0x000000cf0d000000,0x000000cf0d100000) (1024K)]
  0x000002a7e62e3f20 JavaThread "C1 CompilerThread0"         daemon [_thread_blocked, id=25840, stack(0x000000cf0d100000,0x000000cf0d200000) (1024K)]
  0x000002a7e63d2e20 JavaThread "Common-Cleaner"             daemon [_thread_blocked, id=21500, stack(0x000000cf0d200000,0x000000cf0d300000) (1024K)]
  0x000002a7e6506ee0 JavaThread "Notification Thread"        daemon [_thread_blocked, id=33268, stack(0x000000cf0d300000,0x000000cf0d400000) (1024K)]
=>0x000002a7e66acc60 JavaThread "C2 CompilerThread1"         daemon [_thread_in_native, id=16808, stack(0x000000cf0d400000,0x000000cf0d500000) (1024K)]
  0x000002a780df0c00 JavaThread "Daemon health stats"               [_thread_blocked, id=28692, stack(0x000000cf0dd00000,0x000000cf0de00000) (1024K)]
  0x000002a780d867e0 JavaThread "Incoming local TCP Connector on port 51619"        [_thread_in_native, id=31508, stack(0x000000cf0de00000,0x000000cf0df00000) (1024K)]
  0x000002a781111c60 JavaThread "Daemon periodic checks"            [_thread_blocked, id=4972, stack(0x000000cf0df00000,0x000000cf0e000000) (1024K)]
  0x000002a7810c6b10 JavaThread "Daemon"                            [_thread_blocked, id=4736, stack(0x000000cf0e000000,0x000000cf0e100000) (1024K)]
  0x000002a7810c9470 JavaThread "Handler for socket connection from /127.0.0.1:51619 to /127.0.0.1:51620"        [_thread_in_native, id=29320, stack(0x000000cf0e100000,0x000000cf0e200000) (1024K)]
  0x000002a7810ee490 JavaThread "Cancel handler"                    [_thread_blocked, id=11688, stack(0x000000cf0e200000,0x000000cf0e300000) (1024K)]
  0x000002a7810f2580 JavaThread "Daemon worker"                     [_thread_in_Java, id=21344, stack(0x000000cf0e300000,0x000000cf0e400000) (1024K)]
  0x000002a7810f4650 JavaThread "Asynchronous log dispatcher for DefaultDaemonConnection: socket connection from /127.0.0.1:51619 to /127.0.0.1:51620"        [_thread_blocked, id=27760, stack(0x000000cf0e400000,0x000000cf0e500000) (1024K)]
  0x000002a7810f32a0 JavaThread "Stdin handler"                     [_thread_blocked, id=5588, stack(0x000000cf0e500000,0x000000cf0e600000) (1024K)]
  0x000002a7810f3930 JavaThread "Daemon client event forwarder"        [_thread_blocked, id=18288, stack(0x000000cf0e600000,0x000000cf0e700000) (1024K)]
  0x000002a7810f1860 JavaThread "Cache worker for journal cache (C:\Users\admin\.gradle\caches\journal-1)"        [_thread_blocked, id=5604, stack(0x000000cf0e700000,0x000000cf0e800000) (1024K)]
  0x000002a7810f4ce0 JavaThread "File lock request listener"        [_thread_in_native, id=10700, stack(0x000000cf0e800000,0x000000cf0e900000) (1024K)]
  0x000002a7810f1ef0 JavaThread "Cache worker for file hash cache (C:\Users\admin\.gradle\caches\8.10.2\fileHashes)"        [_thread_blocked, id=10632, stack(0x000000cf0e900000,0x000000cf0ea00000) (1024K)]
  0x000002a7825870c0 JavaThread "C2 CompilerThread2"         daemon [_thread_in_native, id=31972, stack(0x000000cf0ea00000,0x000000cf0eb00000) (1024K)]
Total: 26

Other Threads:
  0x000002a7e628c890 VMThread "VM Thread"                           [id=356, stack(0x000000cf0c900000,0x000000cf0ca00000) (1024K)]
  0x000002a7e6277f20 WatcherThread "VM Periodic Task Thread"        [id=32440, stack(0x000000cf0c800000,0x000000cf0c900000) (1024K)]
  0x000002a7cb257450 WorkerThread "GC Thread#0"                     [id=33032, stack(0x000000cf0c300000,0x000000cf0c400000) (1024K)]
  0x000002a7e67de6e0 WorkerThread "GC Thread#1"                     [id=14780, stack(0x000000cf0d600000,0x000000cf0d700000) (1024K)]
  0x000002a7e6bddff0 WorkerThread "GC Thread#2"                     [id=28388, stack(0x000000cf0d700000,0x000000cf0d800000) (1024K)]
  0x000002a7e6bde390 WorkerThread "GC Thread#3"                     [id=9840, stack(0x000000cf0d800000,0x000000cf0d900000) (1024K)]
  0x000002a7e6bde730 WorkerThread "GC Thread#4"                     [id=33620, stack(0x000000cf0d900000,0x000000cf0da00000) (1024K)]
  0x000002a7e6c50f90 WorkerThread "GC Thread#5"                     [id=10796, stack(0x000000cf0da00000,0x000000cf0db00000) (1024K)]
  0x000002a780dec570 WorkerThread "GC Thread#6"                     [id=26960, stack(0x000000cf0d500000,0x000000cf0d600000) (1024K)]
  0x000002a780ded790 WorkerThread "GC Thread#7"                     [id=22540, stack(0x000000cf0db00000,0x000000cf0dc00000) (1024K)]
  0x000002a780dedb30 WorkerThread "GC Thread#8"                     [id=19092, stack(0x000000cf0dc00000,0x000000cf0dd00000) (1024K)]
  0x000002a7cb25c5e0 ConcurrentGCThread "G1 Main Marker"            [id=16960, stack(0x000000cf0c400000,0x000000cf0c500000) (1024K)]
  0x000002a7cb25e090 WorkerThread "G1 Conc#0"                       [id=31008, stack(0x000000cf0c500000,0x000000cf0c600000) (1024K)]
  0x000002a7cb2ee6b0 ConcurrentGCThread "G1 Refine#0"               [id=27300, stack(0x000000cf0c600000,0x000000cf0c700000) (1024K)]
  0x000002a7e6146450 ConcurrentGCThread "G1 Service"                [id=19028, stack(0x000000cf0c700000,0x000000cf0c800000) (1024K)]
Total: 15

Threads with active compile tasks:
C2 CompilerThread0     2588 2672       4       java.lang.invoke.MethodType::makeImpl (109 bytes)
C1 CompilerThread0     2588 2762       3       java.lang.invoke.Invokers::basicInvoker (103 bytes)
C2 CompilerThread1     2588 2641   !   4       java.lang.ClassLoader::loadClass (121 bytes)
C2 CompilerThread2     2589 2676       4       java.lang.invoke.LambdaForm::useCount (61 bytes)
Total: 4

VM state: not at safepoint (normal execution)

VM Mutex/Monitor currently owned by a thread: None

Heap address: 0x00000000e0000000, size: 512 MB, Compressed Oops mode: 32-bit

CDS archive(s) mapped at: [0x000002a7e7000000-0x000002a7e7c90000-0x000002a7e7c90000), size 13172736, SharedBaseAddress: 0x000002a7e7000000, ArchiveRelocationMode: 1.
Compressed class space mapped at: 0x000002a7e8000000-0x000002a7fc000000, reserved size: 335544320
Narrow klass base: 0x000002a7e7000000, Narrow klass shift: 0, Narrow klass range: 0x100000000

GC Precious Log:
 CardTable entry size: 512
 Card Set container configuration: InlinePtr #cards 5 size 8 Array Of Cards #cards 12 size 40 Howl #buckets 4 coarsen threshold 1843 Howl Bitmap #cards 512 size 80 coarsen threshold 460 Card regions per heap region 1 cards per card region 2048
 CPUs: 12 total, 12 available
 Memory: 16071M
 Large Page Support: Disabled
 NUMA Support: Disabled
 Compressed Oops: Enabled (32-bit)
 Heap Region Size: 1M
 Heap Min Capacity: 256M
 Heap Initial Capacity: 256M
 Heap Max Capacity: 512M
 Pre-touch: Disabled
 Parallel Workers: 10
 Concurrent Workers: 3
 Concurrent Refinement Workers: 10
 Periodic GC: Disabled

Heap:
 garbage-first heap   total 262144K, used 70101K [0x00000000e0000000, 0x0000000100000000)
  region size 1024K, 58 young (59392K), 7 survivors (7168K)
 Metaspace       used 16575K, committed 17152K, reserved 393216K
  class space    used 2284K, committed 2560K, reserved 327680K

Heap Regions: E=young(eden), S=young(survivor), O=old, HS=humongous(starts), HC=humongous(continues), CS=collection set, F=free, TAMS=top-at-mark-start, PB=parsable bottom
|   0|0x00000000e0000000, 0x00000000e0100000, 0x00000000e0100000|100%| O|  |TAMS 0x00000000e0000000| PB 0x00000000e0000000| Untracked 
|   1|0x00000000e0100000, 0x00000000e0200000, 0x00000000e0200000|100%| O|  |TAMS 0x00000000e0100000| PB 0x00000000e0100000| Untracked 
|   2|0x00000000e0200000, 0x00000000e0300000, 0x00000000e0300000|100%|HS|  |TAMS 0x00000000e0200000| PB 0x00000000e0200000| Complete 
|   3|0x00000000e0300000, 0x00000000e0400000, 0x00000000e0400000|100%|HC|  |TAMS 0x00000000e0300000| PB 0x00000000e0300000| Complete 
|   4|0x00000000e0400000, 0x00000000e0500000, 0x00000000e0500000|100%|HC|  |TAMS 0x00000000e0400000| PB 0x00000000e0400000| Complete 
|   5|0x00000000e0500000, 0x00000000e0600000, 0x00000000e0600000|100%|HC|  |TAMS 0x00000000e0500000| PB 0x00000000e0500000| Complete 
|   6|0x00000000e0600000, 0x00000000e0700000, 0x00000000e0700000|100%| O|  |TAMS 0x00000000e0600000| PB 0x00000000e0600000| Untracked 
|   7|0x00000000e0700000, 0x00000000e0800000, 0x00000000e0800000|100%| O|  |TAMS 0x00000000e0700000| PB 0x00000000e0700000| Untracked 
|   8|0x00000000e0800000, 0x00000000e0900000, 0x00000000e0900000|100%| O|  |TAMS 0x00000000e0800000| PB 0x00000000e0800000| Untracked 
|   9|0x00000000e0900000, 0x00000000e0a00000, 0x00000000e0a00000|100%|HS|  |TAMS 0x00000000e0900000| PB 0x00000000e0900000| Complete 
|  10|0x00000000e0a00000, 0x00000000e0a00000, 0x00000000e0b00000|  0%| F|  |TAMS 0x00000000e0a00000| PB 0x00000000e0a00000| Untracked 
|  11|0x00000000e0b00000, 0x00000000e0c00000, 0x00000000e0c00000|100%| O|  |TAMS 0x00000000e0b00000| PB 0x00000000e0b00000| Untracked 
|  12|0x00000000e0c00000, 0x00000000e0c75500, 0x00000000e0d00000| 45%| O|  |TAMS 0x00000000e0c00000| PB 0x00000000e0c00000| Untracked 
|  13|0x00000000e0d00000, 0x00000000e0d00000, 0x00000000e0e00000|  0%| F|  |TAMS 0x00000000e0d00000| PB 0x00000000e0d00000| Untracked 
|  14|0x00000000e0e00000, 0x00000000e0e00000, 0x00000000e0f00000|  0%| F|  |TAMS 0x00000000e0e00000| PB 0x00000000e0e00000| Untracked 
|  15|0x00000000e0f00000, 0x00000000e0f00000, 0x00000000e1000000|  0%| F|  |TAMS 0x00000000e0f00000| PB 0x00000000e0f00000| Untracked 
|  16|0x00000000e1000000, 0x00000000e1000000, 0x00000000e1100000|  0%| F|  |TAMS 0x00000000e1000000| PB 0x00000000e1000000| Untracked 
|  17|0x00000000e1100000, 0x00000000e1100000, 0x00000000e1200000|  0%| F|  |TAMS 0x00000000e1100000| PB 0x00000000e1100000| Untracked 
|  18|0x00000000e1200000, 0x00000000e1200000, 0x00000000e1300000|  0%| F|  |TAMS 0x00000000e1200000| PB 0x00000000e1200000| Untracked 
|  19|0x00000000e1300000, 0x00000000e1300000, 0x00000000e1400000|  0%| F|  |TAMS 0x00000000e1300000| PB 0x00000000e1300000| Untracked 
|  20|0x00000000e1400000, 0x00000000e1400000, 0x00000000e1500000|  0%| F|  |TAMS 0x00000000e1400000| PB 0x00000000e1400000| Untracked 
|  21|0x00000000e1500000, 0x00000000e1500000, 0x00000000e1600000|  0%| F|  |TAMS 0x00000000e1500000| PB 0x00000000e1500000| Untracked 
|  22|0x00000000e1600000, 0x00000000e1600000, 0x00000000e1700000|  0%| F|  |TAMS 0x00000000e1600000| PB 0x00000000e1600000| Untracked 
|  23|0x00000000e1700000, 0x00000000e1700000, 0x00000000e1800000|  0%| F|  |TAMS 0x00000000e1700000| PB 0x00000000e1700000| Untracked 
|  24|0x00000000e1800000, 0x00000000e1800000, 0x00000000e1900000|  0%| F|  |TAMS 0x00000000e1800000| PB 0x00000000e1800000| Untracked 
|  25|0x00000000e1900000, 0x00000000e1900000, 0x00000000e1a00000|  0%| F|  |TAMS 0x00000000e1900000| PB 0x00000000e1900000| Untracked 
|  26|0x00000000e1a00000, 0x00000000e1a00000, 0x00000000e1b00000|  0%| F|  |TAMS 0x00000000e1a00000| PB 0x00000000e1a00000| Untracked 
|  27|0x00000000e1b00000, 0x00000000e1b00000, 0x00000000e1c00000|  0%| F|  |TAMS 0x00000000e1b00000| PB 0x00000000e1b00000| Untracked 
|  28|0x00000000e1c00000, 0x00000000e1c00000, 0x00000000e1d00000|  0%| F|  |TAMS 0x00000000e1c00000| PB 0x00000000e1c00000| Untracked 
|  29|0x00000000e1d00000, 0x00000000e1d00000, 0x00000000e1e00000|  0%| F|  |TAMS 0x00000000e1d00000| PB 0x00000000e1d00000| Untracked 
|  30|0x00000000e1e00000, 0x00000000e1e00000, 0x00000000e1f00000|  0%| F|  |TAMS 0x00000000e1e00000| PB 0x00000000e1e00000| Untracked 
|  31|0x00000000e1f00000, 0x00000000e1f00000, 0x00000000e2000000|  0%| F|  |TAMS 0x00000000e1f00000| PB 0x00000000e1f00000| Untracked 
|  32|0x00000000e2000000, 0x00000000e2000000, 0x00000000e2100000|  0%| F|  |TAMS 0x00000000e2000000| PB 0x00000000e2000000| Untracked 
|  33|0x00000000e2100000, 0x00000000e2100000, 0x00000000e2200000|  0%| F|  |TAMS 0x00000000e2100000| PB 0x00000000e2100000| Untracked 
|  34|0x00000000e2200000, 0x00000000e2200000, 0x00000000e2300000|  0%| F|  |TAMS 0x00000000e2200000| PB 0x00000000e2200000| Untracked 
|  35|0x00000000e2300000, 0x00000000e2300000, 0x00000000e2400000|  0%| F|  |TAMS 0x00000000e2300000| PB 0x00000000e2300000| Untracked 
|  36|0x00000000e2400000, 0x00000000e2400000, 0x00000000e2500000|  0%| F|  |TAMS 0x00000000e2400000| PB 0x00000000e2400000| Untracked 
|  37|0x00000000e2500000, 0x00000000e2500000, 0x00000000e2600000|  0%| F|  |TAMS 0x00000000e2500000| PB 0x00000000e2500000| Untracked 
|  38|0x00000000e2600000, 0x00000000e2600000, 0x00000000e2700000|  0%| F|  |TAMS 0x00000000e2600000| PB 0x00000000e2600000| Untracked 
|  39|0x00000000e2700000, 0x00000000e2700000, 0x00000000e2800000|  0%| F|  |TAMS 0x00000000e2700000| PB 0x00000000e2700000| Untracked 
|  40|0x00000000e2800000, 0x00000000e2800000, 0x00000000e2900000|  0%| F|  |TAMS 0x00000000e2800000| PB 0x00000000e2800000| Untracked 
|  41|0x00000000e2900000, 0x00000000e2900000, 0x00000000e2a00000|  0%| F|  |TAMS 0x00000000e2900000| PB 0x00000000e2900000| Untracked 
|  42|0x00000000e2a00000, 0x00000000e2a00000, 0x00000000e2b00000|  0%| F|  |TAMS 0x00000000e2a00000| PB 0x00000000e2a00000| Untracked 
|  43|0x00000000e2b00000, 0x00000000e2b00000, 0x00000000e2c00000|  0%| F|  |TAMS 0x00000000e2b00000| PB 0x00000000e2b00000| Untracked 
|  44|0x00000000e2c00000, 0x00000000e2c00000, 0x00000000e2d00000|  0%| F|  |TAMS 0x00000000e2c00000| PB 0x00000000e2c00000| Untracked 
|  45|0x00000000e2d00000, 0x00000000e2d00000, 0x00000000e2e00000|  0%| F|  |TAMS 0x00000000e2d00000| PB 0x00000000e2d00000| Untracked 
|  46|0x00000000e2e00000, 0x00000000e2e00000, 0x00000000e2f00000|  0%| F|  |TAMS 0x00000000e2e00000| PB 0x00000000e2e00000| Untracked 
|  47|0x00000000e2f00000, 0x00000000e2f00000, 0x00000000e3000000|  0%| F|  |TAMS 0x00000000e2f00000| PB 0x00000000e2f00000| Untracked 
|  48|0x00000000e3000000, 0x00000000e3000000, 0x00000000e3100000|  0%| F|  |TAMS 0x00000000e3000000| PB 0x00000000e3000000| Untracked 
|  49|0x00000000e3100000, 0x00000000e3100000, 0x00000000e3200000|  0%| F|  |TAMS 0x00000000e3100000| PB 0x00000000e3100000| Untracked 
|  50|0x00000000e3200000, 0x00000000e3200000, 0x00000000e3300000|  0%| F|  |TAMS 0x00000000e3200000| PB 0x00000000e3200000| Untracked 
|  51|0x00000000e3300000, 0x00000000e3300000, 0x00000000e3400000|  0%| F|  |TAMS 0x00000000e3300000| PB 0x00000000e3300000| Untracked 
|  52|0x00000000e3400000, 0x00000000e3400000, 0x00000000e3500000|  0%| F|  |TAMS 0x00000000e3400000| PB 0x00000000e3400000| Untracked 
|  53|0x00000000e3500000, 0x00000000e3500000, 0x00000000e3600000|  0%| F|  |TAMS 0x00000000e3500000| PB 0x00000000e3500000| Untracked 
|  54|0x00000000e3600000, 0x00000000e3600000, 0x00000000e3700000|  0%| F|  |TAMS 0x00000000e3600000| PB 0x00000000e3600000| Untracked 
|  55|0x00000000e3700000, 0x00000000e3700000, 0x00000000e3800000|  0%| F|  |TAMS 0x00000000e3700000| PB 0x00000000e3700000| Untracked 
|  56|0x00000000e3800000, 0x00000000e3800000, 0x00000000e3900000|  0%| F|  |TAMS 0x00000000e3800000| PB 0x00000000e3800000| Untracked 
|  57|0x00000000e3900000, 0x00000000e3900000, 0x00000000e3a00000|  0%| F|  |TAMS 0x00000000e3900000| PB 0x00000000e3900000| Untracked 
|  58|0x00000000e3a00000, 0x00000000e3a00000, 0x00000000e3b00000|  0%| F|  |TAMS 0x00000000e3a00000| PB 0x00000000e3a00000| Untracked 
|  59|0x00000000e3b00000, 0x00000000e3b00000, 0x00000000e3c00000|  0%| F|  |TAMS 0x00000000e3b00000| PB 0x00000000e3b00000| Untracked 
|  60|0x00000000e3c00000, 0x00000000e3c00000, 0x00000000e3d00000|  0%| F|  |TAMS 0x00000000e3c00000| PB 0x00000000e3c00000| Untracked 
|  61|0x00000000e3d00000, 0x00000000e3d00000, 0x00000000e3e00000|  0%| F|  |TAMS 0x00000000e3d00000| PB 0x00000000e3d00000| Untracked 
|  62|0x00000000e3e00000, 0x00000000e3e00000, 0x00000000e3f00000|  0%| F|  |TAMS 0x00000000e3e00000| PB 0x00000000e3e00000| Untracked 
|  63|0x00000000e3f00000, 0x00000000e3f00000, 0x00000000e4000000|  0%| F|  |TAMS 0x00000000e3f00000| PB 0x00000000e3f00000| Untracked 
|  64|0x00000000e4000000, 0x00000000e4000000, 0x00000000e4100000|  0%| F|  |TAMS 0x00000000e4000000| PB 0x00000000e4000000| Untracked 
|  65|0x00000000e4100000, 0x00000000e4100000, 0x00000000e4200000|  0%| F|  |TAMS 0x00000000e4100000| PB 0x00000000e4100000| Untracked 
|  66|0x00000000e4200000, 0x00000000e4200000, 0x00000000e4300000|  0%| F|  |TAMS 0x00000000e4200000| PB 0x00000000e4200000| Untracked 
|  67|0x00000000e4300000, 0x00000000e4300000, 0x00000000e4400000|  0%| F|  |TAMS 0x00000000e4300000| PB 0x00000000e4300000| Untracked 
|  68|0x00000000e4400000, 0x00000000e4400000, 0x00000000e4500000|  0%| F|  |TAMS 0x00000000e4400000| PB 0x00000000e4400000| Untracked 
|  69|0x00000000e4500000, 0x00000000e4500000, 0x00000000e4600000|  0%| F|  |TAMS 0x00000000e4500000| PB 0x00000000e4500000| Untracked 
|  70|0x00000000e4600000, 0x00000000e4600000, 0x00000000e4700000|  0%| F|  |TAMS 0x00000000e4600000| PB 0x00000000e4600000| Untracked 
|  71|0x00000000e4700000, 0x00000000e4700000, 0x00000000e4800000|  0%| F|  |TAMS 0x00000000e4700000| PB 0x00000000e4700000| Untracked 
|  72|0x00000000e4800000, 0x00000000e4800000, 0x00000000e4900000|  0%| F|  |TAMS 0x00000000e4800000| PB 0x00000000e4800000| Untracked 
|  73|0x00000000e4900000, 0x00000000e4900000, 0x00000000e4a00000|  0%| F|  |TAMS 0x00000000e4900000| PB 0x00000000e4900000| Untracked 
|  74|0x00000000e4a00000, 0x00000000e4a00000, 0x00000000e4b00000|  0%| F|  |TAMS 0x00000000e4a00000| PB 0x00000000e4a00000| Untracked 
|  75|0x00000000e4b00000, 0x00000000e4b00000, 0x00000000e4c00000|  0%| F|  |TAMS 0x00000000e4b00000| PB 0x00000000e4b00000| Untracked 
|  76|0x00000000e4c00000, 0x00000000e4c00000, 0x00000000e4d00000|  0%| F|  |TAMS 0x00000000e4c00000| PB 0x00000000e4c00000| Untracked 
|  77|0x00000000e4d00000, 0x00000000e4d00000, 0x00000000e4e00000|  0%| F|  |TAMS 0x00000000e4d00000| PB 0x00000000e4d00000| Untracked 
|  78|0x00000000e4e00000, 0x00000000e4e00000, 0x00000000e4f00000|  0%| F|  |TAMS 0x00000000e4e00000| PB 0x00000000e4e00000| Untracked 
|  79|0x00000000e4f00000, 0x00000000e4f00000, 0x00000000e5000000|  0%| F|  |TAMS 0x00000000e4f00000| PB 0x00000000e4f00000| Untracked 
|  80|0x00000000e5000000, 0x00000000e5000000, 0x00000000e5100000|  0%| F|  |TAMS 0x00000000e5000000| PB 0x00000000e5000000| Untracked 
|  81|0x00000000e5100000, 0x00000000e5100000, 0x00000000e5200000|  0%| F|  |TAMS 0x00000000e5100000| PB 0x00000000e5100000| Untracked 
|  82|0x00000000e5200000, 0x00000000e5200000, 0x00000000e5300000|  0%| F|  |TAMS 0x00000000e5200000| PB 0x00000000e5200000| Untracked 
|  83|0x00000000e5300000, 0x00000000e5300000, 0x00000000e5400000|  0%| F|  |TAMS 0x00000000e5300000| PB 0x00000000e5300000| Untracked 
|  84|0x00000000e5400000, 0x00000000e5400000, 0x00000000e5500000|  0%| F|  |TAMS 0x00000000e5400000| PB 0x00000000e5400000| Untracked 
|  85|0x00000000e5500000, 0x00000000e5500000, 0x00000000e5600000|  0%| F|  |TAMS 0x00000000e5500000| PB 0x00000000e5500000| Untracked 
|  86|0x00000000e5600000, 0x00000000e5600000, 0x00000000e5700000|  0%| F|  |TAMS 0x00000000e5600000| PB 0x00000000e5600000| Untracked 
|  87|0x00000000e5700000, 0x00000000e5700000, 0x00000000e5800000|  0%| F|  |TAMS 0x00000000e5700000| PB 0x00000000e5700000| Untracked 
|  88|0x00000000e5800000, 0x00000000e5800000, 0x00000000e5900000|  0%| F|  |TAMS 0x00000000e5800000| PB 0x00000000e5800000| Untracked 
|  89|0x00000000e5900000, 0x00000000e5900000, 0x00000000e5a00000|  0%| F|  |TAMS 0x00000000e5900000| PB 0x00000000e5900000| Untracked 
|  90|0x00000000e5a00000, 0x00000000e5a00000, 0x00000000e5b00000|  0%| F|  |TAMS 0x00000000e5a00000| PB 0x00000000e5a00000| Untracked 
|  91|0x00000000e5b00000, 0x00000000e5b00000, 0x00000000e5c00000|  0%| F|  |TAMS 0x00000000e5b00000| PB 0x00000000e5b00000| Untracked 
|  92|0x00000000e5c00000, 0x00000000e5c00000, 0x00000000e5d00000|  0%| F|  |TAMS 0x00000000e5c00000| PB 0x00000000e5c00000| Untracked 
|  93|0x00000000e5d00000, 0x00000000e5d00000, 0x00000000e5e00000|  0%| F|  |TAMS 0x00000000e5d00000| PB 0x00000000e5d00000| Untracked 
|  94|0x00000000e5e00000, 0x00000000e5e00000, 0x00000000e5f00000|  0%| F|  |TAMS 0x00000000e5e00000| PB 0x00000000e5e00000| Untracked 
|  95|0x00000000e5f00000, 0x00000000e5f00000, 0x00000000e6000000|  0%| F|  |TAMS 0x00000000e5f00000| PB 0x00000000e5f00000| Untracked 
|  96|0x00000000e6000000, 0x00000000e6000000, 0x00000000e6100000|  0%| F|  |TAMS 0x00000000e6000000| PB 0x00000000e6000000| Untracked 
|  97|0x00000000e6100000, 0x00000000e6100000, 0x00000000e6200000|  0%| F|  |TAMS 0x00000000e6100000| PB 0x00000000e6100000| Untracked 
|  98|0x00000000e6200000, 0x00000000e6200000, 0x00000000e6300000|  0%| F|  |TAMS 0x00000000e6200000| PB 0x00000000e6200000| Untracked 
|  99|0x00000000e6300000, 0x00000000e6300000, 0x00000000e6400000|  0%| F|  |TAMS 0x00000000e6300000| PB 0x00000000e6300000| Untracked 
| 100|0x00000000e6400000, 0x00000000e6400000, 0x00000000e6500000|  0%| F|  |TAMS 0x00000000e6400000| PB 0x00000000e6400000| Untracked 
| 101|0x00000000e6500000, 0x00000000e6500000, 0x00000000e6600000|  0%| F|  |TAMS 0x00000000e6500000| PB 0x00000000e6500000| Untracked 
| 102|0x00000000e6600000, 0x00000000e6600000, 0x00000000e6700000|  0%| F|  |TAMS 0x00000000e6600000| PB 0x00000000e6600000| Untracked 
| 103|0x00000000e6700000, 0x00000000e6700000, 0x00000000e6800000|  0%| F|  |TAMS 0x00000000e6700000| PB 0x00000000e6700000| Untracked 
| 104|0x00000000e6800000, 0x00000000e6800000, 0x00000000e6900000|  0%| F|  |TAMS 0x00000000e6800000| PB 0x00000000e6800000| Untracked 
| 105|0x00000000e6900000, 0x00000000e6900000, 0x00000000e6a00000|  0%| F|  |TAMS 0x00000000e6900000| PB 0x00000000e6900000| Untracked 
| 106|0x00000000e6a00000, 0x00000000e6a00000, 0x00000000e6b00000|  0%| F|  |TAMS 0x00000000e6a00000| PB 0x00000000e6a00000| Untracked 
| 107|0x00000000e6b00000, 0x00000000e6b00000, 0x00000000e6c00000|  0%| F|  |TAMS 0x00000000e6b00000| PB 0x00000000e6b00000| Untracked 
| 108|0x00000000e6c00000, 0x00000000e6c00000, 0x00000000e6d00000|  0%| F|  |TAMS 0x00000000e6c00000| PB 0x00000000e6c00000| Untracked 
| 109|0x00000000e6d00000, 0x00000000e6d00000, 0x00000000e6e00000|  0%| F|  |TAMS 0x00000000e6d00000| PB 0x00000000e6d00000| Untracked 
| 110|0x00000000e6e00000, 0x00000000e6e00000, 0x00000000e6f00000|  0%| F|  |TAMS 0x00000000e6e00000| PB 0x00000000e6e00000| Untracked 
| 111|0x00000000e6f00000, 0x00000000e6f00000, 0x00000000e7000000|  0%| F|  |TAMS 0x00000000e6f00000| PB 0x00000000e6f00000| Untracked 
| 112|0x00000000e7000000, 0x00000000e7000000, 0x00000000e7100000|  0%| F|  |TAMS 0x00000000e7000000| PB 0x00000000e7000000| Untracked 
| 113|0x00000000e7100000, 0x00000000e7100000, 0x00000000e7200000|  0%| F|  |TAMS 0x00000000e7100000| PB 0x00000000e7100000| Untracked 
| 114|0x00000000e7200000, 0x00000000e7200000, 0x00000000e7300000|  0%| F|  |TAMS 0x00000000e7200000| PB 0x00000000e7200000| Untracked 
| 115|0x00000000e7300000, 0x00000000e7300000, 0x00000000e7400000|  0%| F|  |TAMS 0x00000000e7300000| PB 0x00000000e7300000| Untracked 
| 116|0x00000000e7400000, 0x00000000e7400000, 0x00000000e7500000|  0%| F|  |TAMS 0x00000000e7400000| PB 0x00000000e7400000| Untracked 
| 117|0x00000000e7500000, 0x00000000e7500000, 0x00000000e7600000|  0%| F|  |TAMS 0x00000000e7500000| PB 0x00000000e7500000| Untracked 
| 118|0x00000000e7600000, 0x00000000e7600000, 0x00000000e7700000|  0%| F|  |TAMS 0x00000000e7600000| PB 0x00000000e7600000| Untracked 
| 119|0x00000000e7700000, 0x00000000e7700000, 0x00000000e7800000|  0%| F|  |TAMS 0x00000000e7700000| PB 0x00000000e7700000| Untracked 
| 120|0x00000000e7800000, 0x00000000e7800000, 0x00000000e7900000|  0%| F|  |TAMS 0x00000000e7800000| PB 0x00000000e7800000| Untracked 
| 121|0x00000000e7900000, 0x00000000e7900000, 0x00000000e7a00000|  0%| F|  |TAMS 0x00000000e7900000| PB 0x00000000e7900000| Untracked 
| 122|0x00000000e7a00000, 0x00000000e7a00000, 0x00000000e7b00000|  0%| F|  |TAMS 0x00000000e7a00000| PB 0x00000000e7a00000| Untracked 
| 123|0x00000000e7b00000, 0x00000000e7b00000, 0x00000000e7c00000|  0%| F|  |TAMS 0x00000000e7b00000| PB 0x00000000e7b00000| Untracked 
| 124|0x00000000e7c00000, 0x00000000e7c00000, 0x00000000e7d00000|  0%| F|  |TAMS 0x00000000e7c00000| PB 0x00000000e7c00000| Untracked 
| 125|0x00000000e7d00000, 0x00000000e7d00000, 0x00000000e7e00000|  0%| F|  |TAMS 0x00000000e7d00000| PB 0x00000000e7d00000| Untracked 
| 126|0x00000000e7e00000, 0x00000000e7e00000, 0x00000000e7f00000|  0%| F|  |TAMS 0x00000000e7e00000| PB 0x00000000e7e00000| Untracked 
| 127|0x00000000e7f00000, 0x00000000e7f00000, 0x00000000e8000000|  0%| F|  |TAMS 0x00000000e7f00000| PB 0x00000000e7f00000| Untracked 
| 128|0x00000000e8000000, 0x00000000e8000000, 0x00000000e8100000|  0%| F|  |TAMS 0x00000000e8000000| PB 0x00000000e8000000| Untracked 
| 129|0x00000000e8100000, 0x00000000e8100000, 0x00000000e8200000|  0%| F|  |TAMS 0x00000000e8100000| PB 0x00000000e8100000| Untracked 
| 130|0x00000000e8200000, 0x00000000e8200000, 0x00000000e8300000|  0%| F|  |TAMS 0x00000000e8200000| PB 0x00000000e8200000| Untracked 
| 131|0x00000000e8300000, 0x00000000e8300000, 0x00000000e8400000|  0%| F|  |TAMS 0x00000000e8300000| PB 0x00000000e8300000| Untracked 
| 132|0x00000000e8400000, 0x00000000e8400000, 0x00000000e8500000|  0%| F|  |TAMS 0x00000000e8400000| PB 0x00000000e8400000| Untracked 
| 133|0x00000000e8500000, 0x00000000e8500000, 0x00000000e8600000|  0%| F|  |TAMS 0x00000000e8500000| PB 0x00000000e8500000| Untracked 
| 134|0x00000000e8600000, 0x00000000e8600000, 0x00000000e8700000|  0%| F|  |TAMS 0x00000000e8600000| PB 0x00000000e8600000| Untracked 
| 135|0x00000000e8700000, 0x00000000e8700000, 0x00000000e8800000|  0%| F|  |TAMS 0x00000000e8700000| PB 0x00000000e8700000| Untracked 
| 136|0x00000000e8800000, 0x00000000e8800000, 0x00000000e8900000|  0%| F|  |TAMS 0x00000000e8800000| PB 0x00000000e8800000| Untracked 
| 137|0x00000000e8900000, 0x00000000e8900000, 0x00000000e8a00000|  0%| F|  |TAMS 0x00000000e8900000| PB 0x00000000e8900000| Untracked 
| 138|0x00000000e8a00000, 0x00000000e8a00000, 0x00000000e8b00000|  0%| F|  |TAMS 0x00000000e8a00000| PB 0x00000000e8a00000| Untracked 
| 139|0x00000000e8b00000, 0x00000000e8b00000, 0x00000000e8c00000|  0%| F|  |TAMS 0x00000000e8b00000| PB 0x00000000e8b00000| Untracked 
| 140|0x00000000e8c00000, 0x00000000e8c00000, 0x00000000e8d00000|  0%| F|  |TAMS 0x00000000e8c00000| PB 0x00000000e8c00000| Untracked 
| 141|0x00000000e8d00000, 0x00000000e8d00000, 0x00000000e8e00000|  0%| F|  |TAMS 0x00000000e8d00000| PB 0x00000000e8d00000| Untracked 
| 142|0x00000000e8e00000, 0x00000000e8e00000, 0x00000000e8f00000|  0%| F|  |TAMS 0x00000000e8e00000| PB 0x00000000e8e00000| Untracked 
| 143|0x00000000e8f00000, 0x00000000e8f00000, 0x00000000e9000000|  0%| F|  |TAMS 0x00000000e8f00000| PB 0x00000000e8f00000| Untracked 
| 144|0x00000000e9000000, 0x00000000e9000000, 0x00000000e9100000|  0%| F|  |TAMS 0x00000000e9000000| PB 0x00000000e9000000| Untracked 
| 145|0x00000000e9100000, 0x00000000e9100000, 0x00000000e9200000|  0%| F|  |TAMS 0x00000000e9100000| PB 0x00000000e9100000| Untracked 
| 146|0x00000000e9200000, 0x00000000e9200000, 0x00000000e9300000|  0%| F|  |TAMS 0x00000000e9200000| PB 0x00000000e9200000| Untracked 
| 147|0x00000000e9300000, 0x00000000e9300000, 0x00000000e9400000|  0%| F|  |TAMS 0x00000000e9300000| PB 0x00000000e9300000| Untracked 
| 148|0x00000000e9400000, 0x00000000e9400000, 0x00000000e9500000|  0%| F|  |TAMS 0x00000000e9400000| PB 0x00000000e9400000| Untracked 
| 149|0x00000000e9500000, 0x00000000e9500000, 0x00000000e9600000|  0%| F|  |TAMS 0x00000000e9500000| PB 0x00000000e9500000| Untracked 
| 150|0x00000000e9600000, 0x00000000e9600000, 0x00000000e9700000|  0%| F|  |TAMS 0x00000000e9600000| PB 0x00000000e9600000| Untracked 
| 151|0x00000000e9700000, 0x00000000e9700000, 0x00000000e9800000|  0%| F|  |TAMS 0x00000000e9700000| PB 0x00000000e9700000| Untracked 
| 152|0x00000000e9800000, 0x00000000e9800000, 0x00000000e9900000|  0%| F|  |TAMS 0x00000000e9800000| PB 0x00000000e9800000| Untracked 
| 153|0x00000000e9900000, 0x00000000e9900000, 0x00000000e9a00000|  0%| F|  |TAMS 0x00000000e9900000| PB 0x00000000e9900000| Untracked 
| 154|0x00000000e9a00000, 0x00000000e9a00000, 0x00000000e9b00000|  0%| F|  |TAMS 0x00000000e9a00000| PB 0x00000000e9a00000| Untracked 
| 155|0x00000000e9b00000, 0x00000000e9b00000, 0x00000000e9c00000|  0%| F|  |TAMS 0x00000000e9b00000| PB 0x00000000e9b00000| Untracked 
| 156|0x00000000e9c00000, 0x00000000e9c00000, 0x00000000e9d00000|  0%| F|  |TAMS 0x00000000e9c00000| PB 0x00000000e9c00000| Untracked 
| 157|0x00000000e9d00000, 0x00000000e9d00000, 0x00000000e9e00000|  0%| F|  |TAMS 0x00000000e9d00000| PB 0x00000000e9d00000| Untracked 
| 158|0x00000000e9e00000, 0x00000000e9e00000, 0x00000000e9f00000|  0%| F|  |TAMS 0x00000000e9e00000| PB 0x00000000e9e00000| Untracked 
| 159|0x00000000e9f00000, 0x00000000e9f00000, 0x00000000ea000000|  0%| F|  |TAMS 0x00000000e9f00000| PB 0x00000000e9f00000| Untracked 
| 160|0x00000000ea000000, 0x00000000ea000000, 0x00000000ea100000|  0%| F|  |TAMS 0x00000000ea000000| PB 0x00000000ea000000| Untracked 
| 161|0x00000000ea100000, 0x00000000ea100000, 0x00000000ea200000|  0%| F|  |TAMS 0x00000000ea100000| PB 0x00000000ea100000| Untracked 
| 162|0x00000000ea200000, 0x00000000ea200000, 0x00000000ea300000|  0%| F|  |TAMS 0x00000000ea200000| PB 0x00000000ea200000| Untracked 
| 163|0x00000000ea300000, 0x00000000ea300000, 0x00000000ea400000|  0%| F|  |TAMS 0x00000000ea300000| PB 0x00000000ea300000| Untracked 
| 164|0x00000000ea400000, 0x00000000ea400000, 0x00000000ea500000|  0%| F|  |TAMS 0x00000000ea400000| PB 0x00000000ea400000| Untracked 
| 165|0x00000000ea500000, 0x00000000ea500000, 0x00000000ea600000|  0%| F|  |TAMS 0x00000000ea500000| PB 0x00000000ea500000| Untracked 
| 166|0x00000000ea600000, 0x00000000ea600000, 0x00000000ea700000|  0%| F|  |TAMS 0x00000000ea600000| PB 0x00000000ea600000| Untracked 
| 167|0x00000000ea700000, 0x00000000ea700000, 0x00000000ea800000|  0%| F|  |TAMS 0x00000000ea700000| PB 0x00000000ea700000| Untracked 
| 168|0x00000000ea800000, 0x00000000ea800000, 0x00000000ea900000|  0%| F|  |TAMS 0x00000000ea800000| PB 0x00000000ea800000| Untracked 
| 169|0x00000000ea900000, 0x00000000ea900000, 0x00000000eaa00000|  0%| F|  |TAMS 0x00000000ea900000| PB 0x00000000ea900000| Untracked 
| 170|0x00000000eaa00000, 0x00000000eaa00000, 0x00000000eab00000|  0%| F|  |TAMS 0x00000000eaa00000| PB 0x00000000eaa00000| Untracked 
| 171|0x00000000eab00000, 0x00000000eab00000, 0x00000000eac00000|  0%| F|  |TAMS 0x00000000eab00000| PB 0x00000000eab00000| Untracked 
| 172|0x00000000eac00000, 0x00000000eac00000, 0x00000000ead00000|  0%| F|  |TAMS 0x00000000eac00000| PB 0x00000000eac00000| Untracked 
| 173|0x00000000ead00000, 0x00000000ead00000, 0x00000000eae00000|  0%| F|  |TAMS 0x00000000ead00000| PB 0x00000000ead00000| Untracked 
| 174|0x00000000eae00000, 0x00000000eae00000, 0x00000000eaf00000|  0%| F|  |TAMS 0x00000000eae00000| PB 0x00000000eae00000| Untracked 
| 175|0x00000000eaf00000, 0x00000000eaf00000, 0x00000000eb000000|  0%| F|  |TAMS 0x00000000eaf00000| PB 0x00000000eaf00000| Untracked 
| 176|0x00000000eb000000, 0x00000000eb000000, 0x00000000eb100000|  0%| F|  |TAMS 0x00000000eb000000| PB 0x00000000eb000000| Untracked 
| 177|0x00000000eb100000, 0x00000000eb100000, 0x00000000eb200000|  0%| F|  |TAMS 0x00000000eb100000| PB 0x00000000eb100000| Untracked 
| 178|0x00000000eb200000, 0x00000000eb200000, 0x00000000eb300000|  0%| F|  |TAMS 0x00000000eb200000| PB 0x00000000eb200000| Untracked 
| 179|0x00000000eb300000, 0x00000000eb300000, 0x00000000eb400000|  0%| F|  |TAMS 0x00000000eb300000| PB 0x00000000eb300000| Untracked 
| 180|0x00000000eb400000, 0x00000000eb400000, 0x00000000eb500000|  0%| F|  |TAMS 0x00000000eb400000| PB 0x00000000eb400000| Untracked 
| 181|0x00000000eb500000, 0x00000000eb500000, 0x00000000eb600000|  0%| F|  |TAMS 0x00000000eb500000| PB 0x00000000eb500000| Untracked 
| 182|0x00000000eb600000, 0x00000000eb600000, 0x00000000eb700000|  0%| F|  |TAMS 0x00000000eb600000| PB 0x00000000eb600000| Untracked 
| 183|0x00000000eb700000, 0x00000000eb700000, 0x00000000eb800000|  0%| F|  |TAMS 0x00000000eb700000| PB 0x00000000eb700000| Untracked 
| 184|0x00000000eb800000, 0x00000000eb800000, 0x00000000eb900000|  0%| F|  |TAMS 0x00000000eb800000| PB 0x00000000eb800000| Untracked 
| 185|0x00000000eb900000, 0x00000000eb900000, 0x00000000eba00000|  0%| F|  |TAMS 0x00000000eb900000| PB 0x00000000eb900000| Untracked 
| 186|0x00000000eba00000, 0x00000000eba00000, 0x00000000ebb00000|  0%| F|  |TAMS 0x00000000eba00000| PB 0x00000000eba00000| Untracked 
| 187|0x00000000ebb00000, 0x00000000ebb00000, 0x00000000ebc00000|  0%| F|  |TAMS 0x00000000ebb00000| PB 0x00000000ebb00000| Untracked 
| 188|0x00000000ebc00000, 0x00000000ebc00000, 0x00000000ebd00000|  0%| F|  |TAMS 0x00000000ebc00000| PB 0x00000000ebc00000| Untracked 
| 189|0x00000000ebd00000, 0x00000000ebd00000, 0x00000000ebe00000|  0%| F|  |TAMS 0x00000000ebd00000| PB 0x00000000ebd00000| Untracked 
| 190|0x00000000ebe00000, 0x00000000ebe00000, 0x00000000ebf00000|  0%| F|  |TAMS 0x00000000ebe00000| PB 0x00000000ebe00000| Untracked 
| 191|0x00000000ebf00000, 0x00000000ebf00000, 0x00000000ec000000|  0%| F|  |TAMS 0x00000000ebf00000| PB 0x00000000ebf00000| Untracked 
| 192|0x00000000ec000000, 0x00000000ec000000, 0x00000000ec100000|  0%| F|  |TAMS 0x00000000ec000000| PB 0x00000000ec000000| Untracked 
| 193|0x00000000ec100000, 0x00000000ec100000, 0x00000000ec200000|  0%| F|  |TAMS 0x00000000ec100000| PB 0x00000000ec100000| Untracked 
| 194|0x00000000ec200000, 0x00000000ec200000, 0x00000000ec300000|  0%| F|  |TAMS 0x00000000ec200000| PB 0x00000000ec200000| Untracked 
| 195|0x00000000ec300000, 0x00000000ec300000, 0x00000000ec400000|  0%| F|  |TAMS 0x00000000ec300000| PB 0x00000000ec300000| Untracked 
| 196|0x00000000ec400000, 0x00000000ec400000, 0x00000000ec500000|  0%| F|  |TAMS 0x00000000ec400000| PB 0x00000000ec400000| Untracked 
| 197|0x00000000ec500000, 0x00000000ec600000, 0x00000000ec600000|100%| E|  |TAMS 0x00000000ec500000| PB 0x00000000ec500000| Complete 
| 198|0x00000000ec600000, 0x00000000ec700000, 0x00000000ec700000|100%| E|CS|TAMS 0x00000000ec600000| PB 0x00000000ec600000| Complete 
| 199|0x00000000ec700000, 0x00000000ec800000, 0x00000000ec800000|100%| E|CS|TAMS 0x00000000ec700000| PB 0x00000000ec700000| Complete 
| 200|0x00000000ec800000, 0x00000000ec900000, 0x00000000ec900000|100%| S|CS|TAMS 0x00000000ec800000| PB 0x00000000ec800000| Complete 
| 201|0x00000000ec900000, 0x00000000eca00000, 0x00000000eca00000|100%| S|CS|TAMS 0x00000000ec900000| PB 0x00000000ec900000| Complete 
| 202|0x00000000eca00000, 0x00000000ecb00000, 0x00000000ecb00000|100%| S|CS|TAMS 0x00000000eca00000| PB 0x00000000eca00000| Complete 
| 203|0x00000000ecb00000, 0x00000000ecc00000, 0x00000000ecc00000|100%| S|CS|TAMS 0x00000000ecb00000| PB 0x00000000ecb00000| Complete 
| 204|0x00000000ecc00000, 0x00000000ecd00000, 0x00000000ecd00000|100%| S|CS|TAMS 0x00000000ecc00000| PB 0x00000000ecc00000| Complete 
| 205|0x00000000ecd00000, 0x00000000ece00000, 0x00000000ece00000|100%| S|CS|TAMS 0x00000000ecd00000| PB 0x00000000ecd00000| Complete 
| 206|0x00000000ece00000, 0x00000000ecf00000, 0x00000000ecf00000|100%| S|CS|TAMS 0x00000000ece00000| PB 0x00000000ece00000| Complete 
| 207|0x00000000ecf00000, 0x00000000ed000000, 0x00000000ed000000|100%| E|CS|TAMS 0x00000000ecf00000| PB 0x00000000ecf00000| Complete 
| 208|0x00000000ed000000, 0x00000000ed100000, 0x00000000ed100000|100%| E|CS|TAMS 0x00000000ed000000| PB 0x00000000ed000000| Complete 
| 209|0x00000000ed100000, 0x00000000ed200000, 0x00000000ed200000|100%| E|CS|TAMS 0x00000000ed100000| PB 0x00000000ed100000| Complete 
| 210|0x00000000ed200000, 0x00000000ed300000, 0x00000000ed300000|100%| E|CS|TAMS 0x00000000ed200000| PB 0x00000000ed200000| Complete 
| 211|0x00000000ed300000, 0x00000000ed400000, 0x00000000ed400000|100%| E|CS|TAMS 0x00000000ed300000| PB 0x00000000ed300000| Complete 
| 212|0x00000000ed400000, 0x00000000ed500000, 0x00000000ed500000|100%| E|CS|TAMS 0x00000000ed400000| PB 0x00000000ed400000| Complete 
| 213|0x00000000ed500000, 0x00000000ed600000, 0x00000000ed600000|100%| E|CS|TAMS 0x00000000ed500000| PB 0x00000000ed500000| Complete 
| 214|0x00000000ed600000, 0x00000000ed700000, 0x00000000ed700000|100%| E|CS|TAMS 0x00000000ed600000| PB 0x00000000ed600000| Complete 
| 215|0x00000000ed700000, 0x00000000ed800000, 0x00000000ed800000|100%| E|CS|TAMS 0x00000000ed700000| PB 0x00000000ed700000| Complete 
| 216|0x00000000ed800000, 0x00000000ed900000, 0x00000000ed900000|100%| E|CS|TAMS 0x00000000ed800000| PB 0x00000000ed800000| Complete 
| 217|0x00000000ed900000, 0x00000000eda00000, 0x00000000eda00000|100%| E|CS|TAMS 0x00000000ed900000| PB 0x00000000ed900000| Complete 
| 218|0x00000000eda00000, 0x00000000edb00000, 0x00000000edb00000|100%| E|CS|TAMS 0x00000000eda00000| PB 0x00000000eda00000| Complete 
| 219|0x00000000edb00000, 0x00000000edc00000, 0x00000000edc00000|100%| E|CS|TAMS 0x00000000edb00000| PB 0x00000000edb00000| Complete 
| 220|0x00000000edc00000, 0x00000000edd00000, 0x00000000edd00000|100%| E|CS|TAMS 0x00000000edc00000| PB 0x00000000edc00000| Complete 
| 221|0x00000000edd00000, 0x00000000ede00000, 0x00000000ede00000|100%| E|CS|TAMS 0x00000000edd00000| PB 0x00000000edd00000| Complete 
| 222|0x00000000ede00000, 0x00000000edf00000, 0x00000000edf00000|100%| E|CS|TAMS 0x00000000ede00000| PB 0x00000000ede00000| Complete 
| 223|0x00000000edf00000, 0x00000000ee000000, 0x00000000ee000000|100%| E|CS|TAMS 0x00000000edf00000| PB 0x00000000edf00000| Complete 
| 224|0x00000000ee000000, 0x00000000ee100000, 0x00000000ee100000|100%| E|CS|TAMS 0x00000000ee000000| PB 0x00000000ee000000| Complete 
| 225|0x00000000ee100000, 0x00000000ee200000, 0x00000000ee200000|100%| E|CS|TAMS 0x00000000ee100000| PB 0x00000000ee100000| Complete 
| 226|0x00000000ee200000, 0x00000000ee300000, 0x00000000ee300000|100%| E|CS|TAMS 0x00000000ee200000| PB 0x00000000ee200000| Complete 
| 227|0x00000000ee300000, 0x00000000ee400000, 0x00000000ee400000|100%| E|CS|TAMS 0x00000000ee300000| PB 0x00000000ee300000| Complete 
| 228|0x00000000ee400000, 0x00000000ee500000, 0x00000000ee500000|100%| E|CS|TAMS 0x00000000ee400000| PB 0x00000000ee400000| Complete 
| 229|0x00000000ee500000, 0x00000000ee600000, 0x00000000ee600000|100%| E|CS|TAMS 0x00000000ee500000| PB 0x00000000ee500000| Complete 
| 230|0x00000000ee600000, 0x00000000ee700000, 0x00000000ee700000|100%| E|CS|TAMS 0x00000000ee600000| PB 0x00000000ee600000| Complete 
| 231|0x00000000ee700000, 0x00000000ee800000, 0x00000000ee800000|100%| E|CS|TAMS 0x00000000ee700000| PB 0x00000000ee700000| Complete 
| 232|0x00000000ee800000, 0x00000000ee900000, 0x00000000ee900000|100%| E|CS|TAMS 0x00000000ee800000| PB 0x00000000ee800000| Complete 
| 233|0x00000000ee900000, 0x00000000eea00000, 0x00000000eea00000|100%| E|CS|TAMS 0x00000000ee900000| PB 0x00000000ee900000| Complete 
| 234|0x00000000eea00000, 0x00000000eeb00000, 0x00000000eeb00000|100%| E|CS|TAMS 0x00000000eea00000| PB 0x00000000eea00000| Complete 
| 235|0x00000000eeb00000, 0x00000000eec00000, 0x00000000eec00000|100%| E|CS|TAMS 0x00000000eeb00000| PB 0x00000000eeb00000| Complete 
| 236|0x00000000eec00000, 0x00000000eed00000, 0x00000000eed00000|100%| E|CS|TAMS 0x00000000eec00000| PB 0x00000000eec00000| Complete 
| 237|0x00000000eed00000, 0x00000000eee00000, 0x00000000eee00000|100%| E|CS|TAMS 0x00000000eed00000| PB 0x00000000eed00000| Complete 
| 238|0x00000000eee00000, 0x00000000eef00000, 0x00000000eef00000|100%| E|CS|TAMS 0x00000000eee00000| PB 0x00000000eee00000| Complete 
| 239|0x00000000eef00000, 0x00000000ef000000, 0x00000000ef000000|100%| E|CS|TAMS 0x00000000eef00000| PB 0x00000000eef00000| Complete 
| 240|0x00000000ef000000, 0x00000000ef100000, 0x00000000ef100000|100%| E|CS|TAMS 0x00000000ef000000| PB 0x00000000ef000000| Complete 
| 241|0x00000000ef100000, 0x00000000ef200000, 0x00000000ef200000|100%| E|CS|TAMS 0x00000000ef100000| PB 0x00000000ef100000| Complete 
| 242|0x00000000ef200000, 0x00000000ef300000, 0x00000000ef300000|100%| E|CS|TAMS 0x00000000ef200000| PB 0x00000000ef200000| Complete 
| 243|0x00000000ef300000, 0x00000000ef400000, 0x00000000ef400000|100%| E|CS|TAMS 0x00000000ef300000| PB 0x00000000ef300000| Complete 
| 244|0x00000000ef400000, 0x00000000ef500000, 0x00000000ef500000|100%| E|CS|TAMS 0x00000000ef400000| PB 0x00000000ef400000| Complete 
| 245|0x00000000ef500000, 0x00000000ef600000, 0x00000000ef600000|100%| E|CS|TAMS 0x00000000ef500000| PB 0x00000000ef500000| Complete 
| 246|0x00000000ef600000, 0x00000000ef700000, 0x00000000ef700000|100%| E|CS|TAMS 0x00000000ef600000| PB 0x00000000ef600000| Complete 
| 247|0x00000000ef700000, 0x00000000ef800000, 0x00000000ef800000|100%| E|CS|TAMS 0x00000000ef700000| PB 0x00000000ef700000| Complete 
| 248|0x00000000ef800000, 0x00000000ef900000, 0x00000000ef900000|100%| E|CS|TAMS 0x00000000ef800000| PB 0x00000000ef800000| Complete 
| 249|0x00000000ef900000, 0x00000000efa00000, 0x00000000efa00000|100%| E|CS|TAMS 0x00000000ef900000| PB 0x00000000ef900000| Complete 
| 250|0x00000000efa00000, 0x00000000efb00000, 0x00000000efb00000|100%| E|CS|TAMS 0x00000000efa00000| PB 0x00000000efa00000| Complete 
| 251|0x00000000efb00000, 0x00000000efc00000, 0x00000000efc00000|100%| E|CS|TAMS 0x00000000efb00000| PB 0x00000000efb00000| Complete 
| 252|0x00000000efc00000, 0x00000000efd00000, 0x00000000efd00000|100%| E|CS|TAMS 0x00000000efc00000| PB 0x00000000efc00000| Complete 
| 253|0x00000000efd00000, 0x00000000efe00000, 0x00000000efe00000|100%| E|CS|TAMS 0x00000000efd00000| PB 0x00000000efd00000| Complete 
| 254|0x00000000efe00000, 0x00000000eff00000, 0x00000000eff00000|100%| E|CS|TAMS 0x00000000efe00000| PB 0x00000000efe00000| Complete 
| 255|0x00000000eff00000, 0x00000000f0000000, 0x00000000f0000000|100%| E|CS|TAMS 0x00000000eff00000| PB 0x00000000eff00000| Complete 

Card table byte_map: [0x000002a7e2cf0000,0x000002a7e2df0000] _byte_map_base: 0x000002a7e25f0000

Marking Bits: (CMBitMap*) 0x000002a7cb257b50
 Bits: [0x000002a7e2df0000, 0x000002a7e35f0000)

Polling page: 0x000002a7c8f70000

Metaspace:

Usage:
  Non-class:     14.08 MB used.
      Class:      2.25 MB used.
       Both:     16.34 MB used.

Virtual space:
  Non-class space:       64.00 MB reserved,      14.38 MB ( 22%) committed,  1 nodes.
      Class space:      320.00 MB reserved,       2.50 MB ( <1%) committed,  1 nodes.
             Both:      384.00 MB reserved,      16.88 MB (  4%) committed. 

Chunk freelists:
   Non-Class:  1.33 MB
       Class:  13.53 MB
        Both:  14.86 MB

MaxMetaspaceSize: 384.00 MB
CompressedClassSpaceSize: 320.00 MB
Initial GC threshold: 21.00 MB
Current GC threshold: 21.00 MB
CDS: on
 - commit_granule_bytes: 65536.
 - commit_granule_words: 8192.
 - virtual_space_node_default_size: 8388608.
 - enlarge_chunks_in_place: 1.
 - use_allocation_guard: 0.


Internal statistics:

num_allocs_failed_limit: 0.
num_arena_births: 680.
num_arena_deaths: 0.
num_vsnodes_births: 2.
num_vsnodes_deaths: 0.
num_space_committed: 270.
num_space_uncommitted: 0.
num_chunks_returned_to_freelist: 0.
num_chunks_taken_from_freelist: 1270.
num_chunk_merges: 0.
num_chunk_splits: 823.
num_chunks_enlarged: 565.
num_inconsistent_stats: 0.

CodeHeap 'non-profiled nmethods': size=120000Kb used=1319Kb max_used=1319Kb free=118680Kb
 bounds [0x000002a7db170000, 0x000002a7db3e0000, 0x000002a7e26a0000]
CodeHeap 'profiled nmethods': size=120000Kb used=5661Kb max_used=5661Kb free=114338Kb
 bounds [0x000002a7d36a0000, 0x000002a7d3c30000, 0x000002a7dabd0000]
CodeHeap 'non-nmethods': size=5760Kb used=1655Kb max_used=1672Kb free=4104Kb
 bounds [0x000002a7dabd0000, 0x000002a7dae40000, 0x000002a7db170000]
 total_blobs=3329 nmethods=2765 adapters=468
 compilation: enabled
              stopped_count=0, restarted_count=0
 full_count=0

Compilation events (20 events):
Event: 2.537 Thread 0x000002a7e62e3f20 2690       3       sun.security.provider.MD5::II (25 bytes)
Event: 2.537 Thread 0x000002a7e62e3f20 nmethod 2690 0x000002a7d3c02310 code [0x000002a7d3c024a0, 0x000002a7d3c02610]
Event: 2.537 Thread 0x000002a7e62e3f20 2688       3       sun.security.provider.MD5::GG (27 bytes)
Event: 2.537 Thread 0x000002a7e62e3f20 nmethod 2688 0x000002a7d3c02710 code [0x000002a7d3c028a0, 0x000002a7d3c02a18]
Event: 2.537 Thread 0x000002a7e62e3f20 2691       3       java.lang.invoke.MethodType::genericMethodType (6 bytes)
Event: 2.537 Thread 0x000002a7e62e3f20 nmethod 2691 0x000002a7d3c02b10 code [0x000002a7d3c02cc0, 0x000002a7d3c02de0]
Event: 2.540 Thread 0x000002a7e62e3f20 2692       3       org.gradle.internal.service.DefaultServiceRegistry$SingletonService::get (5 bytes)
Event: 2.540 Thread 0x000002a7e62e3f20 nmethod 2692 0x000002a7d3c02e90 code [0x000002a7d3c03040, 0x000002a7d3c03178]
Event: 2.540 Thread 0x000002a7e62e3f20 2693   !   3       org.gradle.internal.service.DefaultServiceRegistry$ManagedObjectServiceProvider::getInstance (47 bytes)
Event: 2.540 Thread 0x000002a7e62e3f20 nmethod 2693 0x000002a7d3c03210 code [0x000002a7d3c033e0, 0x000002a7d3c038e8]
Event: 2.541 Thread 0x000002a7e62e3f20 2694       3       java.lang.invoke.LambdaFormBuffer::replaceParameterByCopy (38 bytes)
Event: 2.541 Thread 0x000002a7e62e3f20 nmethod 2694 0x000002a7d3c03b10 code [0x000002a7d3c03cc0, 0x000002a7d3c03ea8]
Event: 2.541 Thread 0x000002a7e62e3f20 2695       3       java.lang.invoke.LambdaFormBuffer::noteDuplicate (115 bytes)
Event: 2.541 Thread 0x000002a7e62e3f20 nmethod 2695 0x000002a7d3c04010 code [0x000002a7d3c04220, 0x000002a7d3c049f8]
Event: 2.541 Thread 0x000002a7e62e3f20 2697       3       java.lang.invoke.InvokerBytecodeGenerator::<init> (129 bytes)
Event: 2.542 Thread 0x000002a7e62e3f20 nmethod 2697 0x000002a7d3c04d10 code [0x000002a7d3c04fe0, 0x000002a7d3c05fc0]
Event: 2.542 Thread 0x000002a7e62e3f20 2696       3       java.lang.invoke.ClassSpecializer$SpeciesData::transformHelper (56 bytes)
Event: 2.542 Thread 0x000002a7e62e3f20 nmethod 2696 0x000002a7d3c06590 code [0x000002a7d3c067c0, 0x000002a7d3c06fc0]
Event: 2.549 Thread 0x000002a7e62e3f20 2699       3       java.lang.invoke.MemberName::getFactory (4 bytes)
Event: 2.549 Thread 0x000002a7e62e3f20 nmethod 2699 0x000002a7d3c07290 code [0x000002a7d3c07420, 0x000002a7d3c07518]

GC Heap History (6 events):
Event: 0.508 GC heap before
{Heap before GC invocations=0 (full 0):
 garbage-first heap   total 262144K, used 22528K [0x00000000e0000000, 0x0000000100000000)
  region size 1024K, 23 young (23552K), 0 survivors (0K)
 Metaspace       used 1118K, committed 1216K, reserved 393216K
  class space    used 82K, committed 128K, reserved 327680K
}
Event: 0.510 GC heap after
{Heap after GC invocations=1 (full 0):
 garbage-first heap   total 262144K, used 4469K [0x00000000e0000000, 0x0000000100000000)
  region size 1024K, 3 young (3072K), 3 survivors (3072K)
 Metaspace       used 1118K, committed 1216K, reserved 393216K
  class space    used 82K, committed 128K, reserved 327680K
}
Event: 1.239 GC heap before
{Heap before GC invocations=1 (full 0):
 garbage-first heap   total 262144K, used 41333K [0x00000000e0000000, 0x0000000100000000)
  region size 1024K, 36 young (36864K), 3 survivors (3072K)
 Metaspace       used 4435K, committed 4608K, reserved 393216K
  class space    used 546K, committed 640K, reserved 327680K
}
Event: 1.243 GC heap after
{Heap after GC invocations=2 (full 0):
 garbage-first heap   total 262144K, used 12624K [0x00000000e0000000, 0x0000000100000000)
  region size 1024K, 4 young (4096K), 4 survivors (4096K)
 Metaspace       used 4435K, committed 4608K, reserved 393216K
  class space    used 546K, committed 640K, reserved 327680K
}
Event: 1.796 GC heap before
{Heap before GC invocations=2 (full 0):
 garbage-first heap   total 262144K, used 60752K [0x00000000e0000000, 0x0000000100000000)
  region size 1024K, 49 young (50176K), 4 survivors (4096K)
 Metaspace       used 6047K, committed 6336K, reserved 393216K
  class space    used 774K, committed 896K, reserved 327680K
}
Event: 1.800 GC heap after
{Heap after GC invocations=3 (full 0):
 garbage-first heap   total 262144K, used 18901K [0x00000000e0000000, 0x0000000100000000)
  region size 1024K, 7 young (7168K), 7 survivors (7168K)
 Metaspace       used 6047K, committed 6336K, reserved 393216K
  class space    used 774K, committed 896K, reserved 327680K
}

Dll operation events (15 events):
Event: 0.013 Loaded shared library C:\Program Files\Java\jdk-21\bin\java.dll
Event: 0.065 Loaded shared library C:\Program Files\Java\jdk-21\bin\jsvml.dll
Event: 0.108 Loaded shared library C:\Program Files\Java\jdk-21\bin\zip.dll
Event: 0.113 Loaded shared library C:\Program Files\Java\jdk-21\bin\instrument.dll
Event: 0.118 Loaded shared library C:\Program Files\Java\jdk-21\bin\net.dll
Event: 0.121 Loaded shared library C:\Program Files\Java\jdk-21\bin\nio.dll
Event: 0.124 Loaded shared library C:\Program Files\Java\jdk-21\bin\zip.dll
Event: 0.402 Loaded shared library C:\Program Files\Java\jdk-21\bin\jimage.dll
Event: 0.641 Loaded shared library C:\Program Files\Java\jdk-21\bin\verify.dll
Event: 0.813 Loaded shared library C:\Users\admin\.gradle\native\c067742578af261105cb4f569cf0c3c89f3d7b1fecec35dd04571415982c5e48\windows-amd64\native-platform.dll
Event: 0.823 Loaded shared library C:\Users\admin\.gradle\native\100fb08df4bc3b14c8652ba06237920a3bd2aa13389f12d3474272988ae205f9\windows-amd64\native-platform-file-events.dll
Event: 1.823 Loaded shared library C:\Program Files\Java\jdk-21\bin\management.dll
Event: 1.828 Loaded shared library C:\Program Files\Java\jdk-21\bin\management_ext.dll
Event: 2.006 Loaded shared library C:\Program Files\Java\jdk-21\bin\extnet.dll
Event: 2.121 Loaded shared library C:\Program Files\Java\jdk-21\bin\sunmscapi.dll

Deoptimization events (20 events):
Event: 2.478 Thread 0x000002a7810f2580 Uncommon trap: trap_request=0xffffff45 fr.pc=0x000002a7db267e60 relative=0x00000000000000c0
Event: 2.478 Thread 0x000002a7810f2580 Uncommon trap: reason=unstable_if action=reinterpret pc=0x000002a7db267e60 method=jdk.internal.misc.Unsafe.convEndian(ZI)I @ 4 c2
Event: 2.478 Thread 0x000002a7810f2580 DEOPT PACKING pc=0x000002a7db267e60 sp=0x000000cf0e3fadd0
Event: 2.478 Thread 0x000002a7810f2580 DEOPT UNPACKING pc=0x000002a7dac27da2 sp=0x000000cf0e3fac68 mode 2
Event: 2.478 Thread 0x000002a7810f2580 Uncommon trap: trap_request=0xffffff45 fr.pc=0x000002a7db26752c relative=0x000000000000008c
Event: 2.478 Thread 0x000002a7810f2580 Uncommon trap: reason=unstable_if action=reinterpret pc=0x000002a7db26752c method=jdk.internal.misc.Unsafe.convEndian(ZI)I @ 4 c2
Event: 2.478 Thread 0x000002a7810f2580 DEOPT PACKING pc=0x000002a7db26752c sp=0x000000cf0e3fad30
Event: 2.478 Thread 0x000002a7810f2580 DEOPT UNPACKING pc=0x000002a7dac27da2 sp=0x000000cf0e3fac60 mode 2
Event: 2.497 Thread 0x000002a7810f2580 Uncommon trap: trap_request=0xffffff45 fr.pc=0x000002a7db194048 relative=0x0000000000000d08
Event: 2.497 Thread 0x000002a7810f2580 Uncommon trap: reason=unstable_if action=reinterpret pc=0x000002a7db194048 method=java.io.WinNTFileSystem.resolve(Ljava/lang/String;Ljava/lang/String;)Ljava/lang/String; @ 19 c2
Event: 2.497 Thread 0x000002a7810f2580 DEOPT PACKING pc=0x000002a7db194048 sp=0x000000cf0e3fb120
Event: 2.497 Thread 0x000002a7810f2580 DEOPT UNPACKING pc=0x000002a7dac27da2 sp=0x000000cf0e3fb0c8 mode 2
Event: 2.498 Thread 0x000002a7810f2580 Uncommon trap: trap_request=0xffffff45 fr.pc=0x000002a7db202374 relative=0x0000000000000694
Event: 2.498 Thread 0x000002a7810f2580 Uncommon trap: reason=unstable_if action=reinterpret pc=0x000002a7db202374 method=java.io.File.getName()Ljava/lang/String; @ 16 c2
Event: 2.498 Thread 0x000002a7810f2580 DEOPT PACKING pc=0x000002a7db202374 sp=0x000000cf0e3fb0f0
Event: 2.498 Thread 0x000002a7810f2580 DEOPT UNPACKING pc=0x000002a7dac27da2 sp=0x000000cf0e3fb0c0 mode 2
Event: 2.540 Thread 0x000002a7810f2580 Uncommon trap: trap_request=0xffffff45 fr.pc=0x000002a7db197814 relative=0x00000000000000f4
Event: 2.540 Thread 0x000002a7810f2580 Uncommon trap: reason=unstable_if action=reinterpret pc=0x000002a7db197814 method=java.util.HashMap.hash(Ljava/lang/Object;)I @ 1 c2
Event: 2.540 Thread 0x000002a7810f2580 DEOPT PACKING pc=0x000002a7db197814 sp=0x000000cf0e3fc210
Event: 2.540 Thread 0x000002a7810f2580 DEOPT UNPACKING pc=0x000002a7dac27da2 sp=0x000000cf0e3fc150 mode 2

Classes loaded (20 events):
Event: 2.476 Loading class sun/security/provider/MD5
Event: 2.476 Loading class sun/security/provider/MD5 done
Event: 2.477 Loading class sun/security/provider/SHA5$SHA512
Event: 2.477 Loading class sun/security/provider/SHA5
Event: 2.477 Loading class sun/security/provider/SHA5 done
Event: 2.477 Loading class sun/security/provider/SHA5$SHA512 done
Event: 2.478 Loading class sun/security/provider/ByteArrayAccess$LE
Event: 2.478 Loading class sun/security/provider/ByteArrayAccess$LE done
Event: 2.497 Loading class java/io/File$TempDirectory
Event: 2.497 Loading class java/io/File$TempDirectory done
Event: 2.502 Loading class java/io/PrintWriter
Event: 2.502 Loading class java/io/PrintWriter done
Event: 2.519 Loading class java/util/concurrent/Semaphore
Event: 2.519 Loading class java/util/concurrent/Semaphore done
Event: 2.521 Loading class java/nio/file/FileVisitOption
Event: 2.521 Loading class java/nio/file/FileVisitOption done
Event: 2.524 Loading class java/util/stream/ReduceOps$1
Event: 2.524 Loading class java/util/stream/ReduceOps$1 done
Event: 2.524 Loading class java/util/stream/ReduceOps$1ReducingSink
Event: 2.524 Loading class java/util/stream/ReduceOps$1ReducingSink done

Classes unloaded (0 events):
No events

Classes redefined (0 events):
No events

Internal exceptions (20 events):
Event: 2.091 Thread 0x000002a7c8fb2810 Exception <a 'java/lang/NoSuchMethodError'{0x00000000ef3482b8}: 'java.lang.Object java.lang.invoke.DirectMethodHandle$Holder.newInvokeSpecial(java.lang.Object, java.lang.Object, java.lang.Object, java.lang.Object, java.lang.Object)'> (0x00000000ef3482b8) 
thrown [s\open\src\hotspot\share\interpreter\linkResolver.cpp, line 773]
Event: 2.167 Thread 0x000002a7810c6b10 Exception <a 'java/lang/NoSuchMethodError'{0x00000000ef1e2a78}: 'void java.lang.invoke.DirectMethodHandle$Holder.invokeSpecial(java.lang.Object, java.lang.Object, java.lang.Object)'> (0x00000000ef1e2a78) 
thrown [s\open\src\hotspot\share\interpreter\linkResolver.cpp, line 773]
Event: 2.207 Thread 0x000002a7810f2580 Exception <a 'java/lang/NoSuchMethodError'{0x00000000eeb50e98}: 'long java.lang.invoke.DirectMethodHandle$Holder.invokeInterface(java.lang.Object, java.lang.Object)'> (0x00000000eeb50e98) 
thrown [s\open\src\hotspot\share\interpreter\linkResolver.cpp, line 773]
Event: 2.256 Thread 0x000002a7810f2580 Exception <a 'java/lang/NoSuchMethodError'{0x00000000ee796cf8}: 'void java.lang.invoke.DirectMethodHandle$Holder.invokeStatic(java.lang.Object, java.lang.Object)'> (0x00000000ee796cf8) 
thrown [s\open\src\hotspot\share\interpreter\linkResolver.cpp, line 773]
Event: 2.260 Thread 0x000002a7810f2580 Exception <a 'java/lang/NoSuchMethodError'{0x00000000ee7d8748}: 'java.lang.Object java.lang.invoke.DirectMethodHandle$Holder.invokeVirtual(java.lang.Object, java.lang.Object, java.lang.Object, java.lang.Object, java.lang.Object, java.lang.Object, java.lang.Object, java.lang.Object, java.lang.Object, java.lang.Object, java.lang.Object, java.lang.Object)'> (0x00000000ee7d8748) 
thrown [s\open\src\hotspot\share\interpreter\linkResolver.cpp, line 773]
Event: 2.261 Thread 0x000002a7810f2580 Exception <a 'java/lang/NoSuchMethodError'{0x00000000ee7dd6c0}: 'java.lang.Object java.lang.invoke.DirectMethodHandle$Holder.invokeSpecial(java.lang.Object, java.lang.Object, java.lang.Object, java.lang.Object, java.lang.Object, java.lang.Object, java.lang.Object, java.lang.Object, java.lang.Object, java.lang.Object, java.lang.Object, java.lang.Object, java.lang.Object)'> (0x00000000ee7dd6c0) 
thrown [s\open\src\hotspot\share\interpreter\linkResolver.cpp, line 773]
Event: 2.289 Thread 0x000002a7810f2580 Exception <a 'java/lang/NoSuchMethodError'{0x00000000ee5c64c0}: 'int java.lang.invoke.DirectMethodHandle$Holder.invokeVirtual(java.lang.Object, java.lang.Object, java.lang.Object)'> (0x00000000ee5c64c0) 
thrown [s\open\src\hotspot\share\interpreter\linkResolver.cpp, line 773]
Event: 2.314 Thread 0x000002a7810f2580 Exception <a 'java/lang/NoSuchMethodError'{0x00000000ee21d4a8}: 'java.lang.Object java.lang.invoke.DirectMethodHandle$Holder.newInvokeSpecial(java.lang.Object, java.lang.Object, java.lang.Object, java.lang.Object, java.lang.Object, java.lang.Object)'> (0x00000000ee21d4a8) 
thrown [s\open\src\hotspot\share\interpreter\linkResolver.cpp, line 773]
Event: 2.317 Thread 0x000002a7810f2580 Exception <a 'java/lang/NoSuchMethodError'{0x00000000ee23eb50}: 'void java.lang.invoke.DirectMethodHandle$Holder.invokeStaticInit(java.lang.Object, java.lang.Object)'> (0x00000000ee23eb50) 
thrown [s\open\src\hotspot\share\interpreter\linkResolver.cpp, line 773]
Event: 2.353 Thread 0x000002a7810f2580 Exception <a 'java/lang/NoSuchMethodError'{0x00000000ee0d0c28}: 'void java.lang.invoke.DelegatingMethodHandle$Holder.reinvoke_L(java.lang.Object, java.lang.Object, java.lang.Object, java.lang.Object, java.lang.Object, java.lang.Object, java.lang.Object, java.lang.Object, java.lang.Object, java.lang.Object)'> (0x00000000ee0d0c28) 
thrown [s\open\src\hotspot\share\interpreter\linkResolver.cpp, line 773]
Event: 2.354 Thread 0x000002a7810f2580 Exception <a 'java/lang/NoSuchMethodError'{0x00000000ee0d8628}: 'java.lang.Object java.lang.invoke.Invokers$Holder.invoker(java.lang.Object, java.lang.Object, java.lang.Object, java.lang.Object, java.lang.Object, java.lang.Object, java.lang.Object, java.lang.Object, java.lang.Object, java.lang.Object)'> (0x00000000ee0d8628) 
thrown [s\open\src\hotspot\share\interpreter\linkResolver.cpp, line 773]
Event: 2.408 Thread 0x000002a7810f2580 Exception <a 'java/lang/NoSuchMethodError'{0x00000000edca2c00}: 'void java.lang.invoke.DirectMethodHandle$Holder.invokeVirtual(java.lang.Object, java.lang.Object, java.lang.Object, java.lang.Object, java.lang.Object)'> (0x00000000edca2c00) 
thrown [s\open\src\hotspot\share\interpreter\linkResolver.cpp, line 773]
Event: 2.425 Thread 0x000002a7810f2580 Exception <a 'java/lang/NoSuchMethodError'{0x00000000eda47670}: 'void java.lang.invoke.DirectMethodHandle$Holder.invokeInterface(java.lang.Object, java.lang.Object)'> (0x00000000eda47670) 
thrown [s\open\src\hotspot\share\interpreter\linkResolver.cpp, line 773]
Event: 2.425 Thread 0x000002a7810f2580 Exception <a 'java/lang/IncompatibleClassChangeError'{0x00000000eda4abd0}: Found class java.lang.Object, but interface was expected> (0x00000000eda4abd0) 
thrown [s\open\src\hotspot\share\interpreter\linkResolver.cpp, line 840]
Event: 2.438 Thread 0x000002a7810f2580 Exception <a 'java/lang/NoSuchMethodError'{0x00000000ed96e320}: 'java.lang.Object java.lang.invoke.DirectMethodHandle$Holder.newInvokeSpecial(java.lang.Object, java.lang.Object, int)'> (0x00000000ed96e320) 
thrown [s\open\src\hotspot\share\interpreter\linkResolver.cpp, line 773]
Event: 2.454 Thread 0x000002a7810f2580 Exception <a 'java/lang/NoSuchMethodError'{0x00000000ed878668}: 'java.lang.Object java.lang.invoke.DirectMethodHandle$Holder.invokeVirtual(java.lang.Object, java.lang.Object, java.lang.Object, java.lang.Object, java.lang.Object, java.lang.Object, java.lang.Object, java.lang.Object)'> (0x00000000ed878668) 
thrown [s\open\src\hotspot\share\interpreter\linkResolver.cpp, line 773]
Event: 2.522 Thread 0x000002a7810f2580 Exception <a 'java/lang/NoSuchMethodError'{0x00000000ed257f18}: 'int java.lang.invoke.DirectMethodHandle$Holder.invokeSpecialIFC(java.lang.Object, java.lang.Object, java.lang.Object, java.lang.Object)'> (0x00000000ed257f18) 
thrown [s\open\src\hotspot\share\interpreter\linkResolver.cpp, line 773]
Event: 2.523 Thread 0x000002a7810f2580 Exception <a 'java/lang/NoSuchMethodError'{0x00000000ed265480}: 'java.lang.Object java.lang.invoke.DirectMethodHandle$Holder.invokeInterface(java.lang.Object, java.lang.Object, java.lang.Object)'> (0x00000000ed265480) 
thrown [s\open\src\hotspot\share\interpreter\linkResolver.cpp, line 773]
Event: 2.523 Thread 0x000002a7810f2580 Exception <a 'java/lang/IncompatibleClassChangeError'{0x00000000ed269078}: Found class java.lang.Object, but interface was expected> (0x00000000ed269078) 
thrown [s\open\src\hotspot\share\interpreter\linkResolver.cpp, line 840]
Event: 2.540 Thread 0x000002a7810f2580 Implicit null exception at 0x000002a7db197766 to 0x000002a7db19780a

ZGC Phase Switch (0 events):
No events

VM Operations (20 events):
Event: 1.865 Executing VM operation: HandshakeAllThreads (Deoptimize)
Event: 1.865 Executing VM operation: HandshakeAllThreads (Deoptimize) done
Event: 1.865 Executing VM operation: HandshakeAllThreads (Deoptimize)
Event: 1.865 Executing VM operation: HandshakeAllThreads (Deoptimize) done
Event: 1.894 Executing VM operation: HandshakeAllThreads (Deoptimize)
Event: 1.894 Executing VM operation: HandshakeAllThreads (Deoptimize) done
Event: 1.916 Executing VM operation: HandshakeAllThreads (Deoptimize)
Event: 1.916 Executing VM operation: HandshakeAllThreads (Deoptimize) done
Event: 1.943 Executing VM operation: HandshakeAllThreads (Deoptimize)
Event: 1.943 Executing VM operation: HandshakeAllThreads (Deoptimize) done
Event: 1.985 Executing VM operation: HandshakeAllThreads (Deoptimize)
Event: 1.985 Executing VM operation: HandshakeAllThreads (Deoptimize) done
Event: 2.058 Executing VM operation: HandshakeAllThreads (Deoptimize)
Event: 2.058 Executing VM operation: HandshakeAllThreads (Deoptimize) done
Event: 2.109 Executing VM operation: HandshakeAllThreads (Deoptimize)
Event: 2.109 Executing VM operation: HandshakeAllThreads (Deoptimize) done
Event: 2.285 Executing VM operation: ICBufferFull
Event: 2.285 Executing VM operation: ICBufferFull done
Event: 2.437 Executing VM operation: HandshakeAllThreads (Deoptimize)
Event: 2.437 Executing VM operation: HandshakeAllThreads (Deoptimize) done

Events (20 events):
Event: 0.062 Thread 0x000002a7e62a3370 Thread added: 0x000002a7e62a3370
Event: 0.062 Thread 0x000002a7e62e3f20 Thread added: 0x000002a7e62e3f20
Event: 0.086 Thread 0x000002a7e63d2e20 Thread added: 0x000002a7e63d2e20
Event: 0.138 Thread 0x000002a7e6506ee0 Thread added: 0x000002a7e6506ee0
Event: 0.403 Thread 0x000002a7e66acc60 Thread added: 0x000002a7e66acc60
Event: 0.403 Thread 0x000002a7e65e7ec0 Thread added: 0x000002a7e65e7ec0
Event: 0.593 Thread 0x000002a7e65e7ec0 Thread exited: 0x000002a7e65e7ec0
Event: 1.866 Thread 0x000002a780df0c00 Thread added: 0x000002a780df0c00
Event: 2.032 Thread 0x000002a780d867e0 Thread added: 0x000002a780d867e0
Event: 2.094 Thread 0x000002a781111c60 Thread added: 0x000002a781111c60
Event: 2.137 Thread 0x000002a7810c6b10 Thread added: 0x000002a7810c6b10
Event: 2.139 Thread 0x000002a7810c9470 Thread added: 0x000002a7810c9470
Event: 2.160 Thread 0x000002a7810ee490 Thread added: 0x000002a7810ee490
Event: 2.167 Thread 0x000002a7810f2580 Thread added: 0x000002a7810f2580
Event: 2.175 Thread 0x000002a7810f4650 Thread added: 0x000002a7810f4650
Event: 2.180 Thread 0x000002a7810f32a0 Thread added: 0x000002a7810f32a0
Event: 2.182 Thread 0x000002a7810f3930 Thread added: 0x000002a7810f3930
Event: 2.437 Thread 0x000002a7810f1860 Thread added: 0x000002a7810f1860
Event: 2.444 Thread 0x000002a7810f4ce0 Thread added: 0x000002a7810f4ce0
Event: 2.470 Thread 0x000002a7810f1ef0 Thread added: 0x000002a7810f1ef0


Dynamic libraries:
0x00007ff7b19c0000 - 0x00007ff7b19d0000 	C:\Program Files\Java\jdk-21\bin\java.exe
0x00007ff993950000 - 0x00007ff993b67000 	C:\WINDOWS\SYSTEM32\ntdll.dll
0x00007ff992830000 - 0x00007ff9928f4000 	C:\WINDOWS\System32\KERNEL32.DLL
0x00007ff991150000 - 0x00007ff991507000 	C:\WINDOWS\System32\KERNELBASE.dll
0x00007ff990c90000 - 0x00007ff990da1000 	C:\WINDOWS\System32\ucrtbase.dll
0x00007ff98ab70000 - 0x00007ff98ab8b000 	C:\Program Files\Java\jdk-21\bin\VCRUNTIME140.dll
0x00007ff989bc0000 - 0x00007ff989bd9000 	C:\Program Files\Java\jdk-21\bin\jli.dll
0x00007ff9917d0000 - 0x00007ff991882000 	C:\WINDOWS\System32\ADVAPI32.dll
0x00007ff9926a0000 - 0x00007ff992747000 	C:\WINDOWS\System32\msvcrt.dll
0x00007ff992fa0000 - 0x00007ff993048000 	C:\WINDOWS\System32\sechost.dll
0x00007ff990ed0000 - 0x00007ff990ef8000 	C:\WINDOWS\System32\bcrypt.dll
0x00007ff9930b0000 - 0x00007ff9931c4000 	C:\WINDOWS\System32\RPCRT4.dll
0x00007ff9931d0000 - 0x00007ff99337f000 	C:\WINDOWS\System32\USER32.dll
0x00007ff990c60000 - 0x00007ff990c86000 	C:\WINDOWS\System32\win32u.dll
0x00007ff993630000 - 0x00007ff993659000 	C:\WINDOWS\System32\GDI32.dll
0x00007ff97f7c0000 - 0x00007ff97fa53000 	C:\WINDOWS\WinSxS\amd64_microsoft.windows.common-controls_6595b64144ccf1df_6.0.22621.3672_none_2713b9d173822955\COMCTL32.dll
0x00007ff990db0000 - 0x00007ff990ec8000 	C:\WINDOWS\System32\gdi32full.dll
0x00007ff990fc0000 - 0x00007ff99105a000 	C:\WINDOWS\System32\msvcp_win.dll
0x00007ff98b550000 - 0x00007ff98b55a000 	C:\WINDOWS\SYSTEM32\VERSION.dll
0x00007ff992f60000 - 0x00007ff992f91000 	C:\WINDOWS\System32\IMM32.DLL
0x00007ff98ab50000 - 0x00007ff98ab5c000 	C:\Program Files\Java\jdk-21\bin\vcruntime140_1.dll
0x00007ff97a040000 - 0x00007ff97a0ce000 	C:\Program Files\Java\jdk-21\bin\msvcp140.dll
0x00007ff948d20000 - 0x00007ff949a33000 	C:\Program Files\Java\jdk-21\bin\server\jvm.dll
0x00007ff992750000 - 0x00007ff9927c1000 	C:\WINDOWS\System32\WS2_32.dll
0x00007ff990210000 - 0x00007ff99025d000 	C:\WINDOWS\SYSTEM32\POWRPROF.dll
0x00007ff985740000 - 0x00007ff985774000 	C:\WINDOWS\SYSTEM32\WINMM.dll
0x00007ff9901f0000 - 0x00007ff990203000 	C:\WINDOWS\SYSTEM32\UMPDC.dll
0x00007ff98fc70000 - 0x00007ff98fc88000 	C:\WINDOWS\SYSTEM32\kernel.appcore.dll
0x00007ff989db0000 - 0x00007ff989dba000 	C:\Program Files\Java\jdk-21\bin\jimage.dll
0x00007ff98b560000 - 0x00007ff98b792000 	C:\WINDOWS\SYSTEM32\DBGHELP.DLL
0x00007ff992190000 - 0x00007ff99251e000 	C:\WINDOWS\System32\combase.dll
0x00007ff993830000 - 0x00007ff993907000 	C:\WINDOWS\System32\OLEAUT32.dll
0x00007ff98b260000 - 0x00007ff98b292000 	C:\WINDOWS\SYSTEM32\dbgcore.DLL
0x00007ff9910d0000 - 0x00007ff99114b000 	C:\WINDOWS\System32\bcryptPrimitives.dll
0x00007ff989b90000 - 0x00007ff989b9f000 	C:\Program Files\Java\jdk-21\bin\instrument.dll
0x00007ff989b20000 - 0x00007ff989b3f000 	C:\Program Files\Java\jdk-21\bin\java.dll
0x00007ff991920000 - 0x00007ff992189000 	C:\WINDOWS\System32\SHELL32.dll
0x00007ff98eb80000 - 0x00007ff98f47f000 	C:\WINDOWS\SYSTEM32\windows.storage.dll
0x00007ff98ea40000 - 0x00007ff98eb7f000 	C:\WINDOWS\SYSTEM32\wintypes.dll
0x00007ff992e60000 - 0x00007ff992f59000 	C:\WINDOWS\System32\SHCORE.dll
0x00007ff9918c0000 - 0x00007ff99191e000 	C:\WINDOWS\System32\shlwapi.dll
0x00007ff990b90000 - 0x00007ff990bb7000 	C:\WINDOWS\SYSTEM32\profapi.dll
0x00007ff95b470000 - 0x00007ff95b547000 	C:\Program Files\Java\jdk-21\bin\jsvml.dll
0x00007ff989ab0000 - 0x00007ff989ac8000 	C:\Program Files\Java\jdk-21\bin\zip.dll
0x00007ff989b10000 - 0x00007ff989b20000 	C:\Program Files\Java\jdk-21\bin\net.dll
0x00007ff98bf10000 - 0x00007ff98c046000 	C:\WINDOWS\SYSTEM32\WINHTTP.dll
0x00007ff990140000 - 0x00007ff9901a9000 	C:\WINDOWS\system32\mswsock.dll
0x00007ff9899a0000 - 0x00007ff9899b6000 	C:\Program Files\Java\jdk-21\bin\nio.dll
0x00007ff9894c0000 - 0x00007ff9894d0000 	C:\Program Files\Java\jdk-21\bin\verify.dll
0x00007ff989b50000 - 0x00007ff989b77000 	C:\Users\admin\.gradle\native\c067742578af261105cb4f569cf0c3c89f3d7b1fecec35dd04571415982c5e48\windows-amd64\native-platform.dll
0x00007ff94e260000 - 0x00007ff94e3a4000 	C:\Users\admin\.gradle\native\100fb08df4bc3b14c8652ba06237920a3bd2aa13389f12d3474272988ae205f9\windows-amd64\native-platform-file-events.dll
0x00007ff9894b0000 - 0x00007ff9894ba000 	C:\Program Files\Java\jdk-21\bin\management.dll
0x00007ff989150000 - 0x00007ff98915b000 	C:\Program Files\Java\jdk-21\bin\management_ext.dll
0x00007ff992dd0000 - 0x00007ff992dd8000 	C:\WINDOWS\System32\PSAPI.DLL
0x00007ff990510000 - 0x00007ff99052b000 	C:\WINDOWS\SYSTEM32\CRYPTSP.dll
0x00007ff98fbd0000 - 0x00007ff98fc05000 	C:\WINDOWS\system32\rsaenh.dll
0x00007ff990260000 - 0x00007ff990288000 	C:\WINDOWS\SYSTEM32\USERENV.dll
0x00007ff9904f0000 - 0x00007ff9904fc000 	C:\WINDOWS\SYSTEM32\CRYPTBASE.dll
0x00007ff98f6e0000 - 0x00007ff98f70d000 	C:\WINDOWS\SYSTEM32\IPHLPAPI.DLL
0x00007ff991730000 - 0x00007ff991739000 	C:\WINDOWS\System32\NSI.dll
0x00007ff989140000 - 0x00007ff989149000 	C:\Program Files\Java\jdk-21\bin\extnet.dll
0x00007ff985a10000 - 0x00007ff985a1e000 	C:\Program Files\Java\jdk-21\bin\sunmscapi.dll
0x00007ff991510000 - 0x00007ff991676000 	C:\WINDOWS\System32\CRYPT32.dll
0x00007ff990600000 - 0x00007ff99062d000 	C:\WINDOWS\SYSTEM32\ncrypt.dll
0x00007ff9905c0000 - 0x00007ff9905f7000 	C:\WINDOWS\SYSTEM32\NTASN1.dll
0x00007ff98bc20000 - 0x00007ff98bc28000 	C:\WINDOWS\system32\wshunix.dll

dbghelp: loaded successfully - version: 4.0.5 - missing functions: none
symbol engine: initialized successfully - sym options: 0x614 - pdb path: .;C:\Program Files\Java\jdk-21\bin;C:\WINDOWS\SYSTEM32;C:\WINDOWS\WinSxS\amd64_microsoft.windows.common-controls_6595b64144ccf1df_6.0.22621.3672_none_2713b9d173822955;C:\Program Files\Java\jdk-21\bin\server;C:\Users\admin\.gradle\native\c067742578af261105cb4f569cf0c3c89f3d7b1fecec35dd04571415982c5e48\windows-amd64;C:\Users\admin\.gradle\native\100fb08df4bc3b14c8652ba06237920a3bd2aa13389f12d3474272988ae205f9\windows-amd64

VM Arguments:
jvm_args: --add-opens=java.base/java.util=ALL-UNNAMED --add-opens=java.base/java.lang=ALL-UNNAMED --add-opens=java.base/java.lang.invoke=ALL-UNNAMED --add-opens=java.prefs/java.util.prefs=ALL-UNNAMED --add-exports=jdk.compiler/com.sun.tools.javac.api=ALL-UNNAMED --add-exports=jdk.compiler/com.sun.tools.javac.util=ALL-UNNAMED --add-opens=java.base/java.nio.charset=ALL-UNNAMED --add-opens=java.base/java.net=ALL-UNNAMED --add-opens=java.base/java.util.concurrent.atomic=ALL-UNNAMED -XX:MaxMetaspaceSize=384m -XX:+HeapDumpOnOutOfMemoryError -Xms256m -Xmx512m -Dfile.encoding=UTF-8 -Duser.country=KR -Duser.language=ko -Duser.variant -javaagent:C:\Users\admin\.gradle\wrapper\dists\gradle-8.10.2-bin\a04bxjujx95o3nb99gddekhwo\gradle-8.10.2\lib\agents\gradle-instrumentation-agent-8.10.2.jar 
java_command: org.gradle.launcher.daemon.bootstrap.GradleDaemon 8.10.2
java_class_path (initial): C:\Users\admin\.gradle\wrapper\dists\gradle-8.10.2-bin\a04bxjujx95o3nb99gddekhwo\gradle-8.10.2\lib\gradle-daemon-main-8.10.2.jar
Launcher Type: SUN_STANDARD

[Global flags]
     intx CICompilerCount                          = 4                                         {product} {ergonomic}
   size_t CompressedClassSpaceSize                 = 335544320                                 {product} {ergonomic}
     uint ConcGCThreads                            = 3                                         {product} {ergonomic}
     uint G1ConcRefinementThreads                  = 10                                        {product} {ergonomic}
   size_t G1HeapRegionSize                         = 1048576                                   {product} {ergonomic}
    uintx GCDrainStackTargetSize                   = 64                                        {product} {ergonomic}
     bool HeapDumpOnOutOfMemoryError               = true                                   {manageable} {command line}
   size_t InitialHeapSize                          = 268435456                                 {product} {command line}
   size_t MarkStackSize                            = 4194304                                   {product} {ergonomic}
   size_t MaxHeapSize                              = 536870912                                 {product} {command line}
   size_t MaxMetaspaceSize                         = 402653184                                 {product} {command line}
   size_t MaxNewSize                               = 321912832                                 {product} {ergonomic}
   size_t MinHeapDeltaBytes                        = 1048576                                   {product} {ergonomic}
   size_t MinHeapSize                              = 268435456                                 {product} {command line}
    uintx NonNMethodCodeHeapSize                   = 5839372                                {pd product} {ergonomic}
    uintx NonProfiledCodeHeapSize                  = 122909434                              {pd product} {ergonomic}
    uintx ProfiledCodeHeapSize                     = 122909434                              {pd product} {ergonomic}
    uintx ReservedCodeCacheSize                    = 251658240                              {pd product} {ergonomic}
     bool SegmentedCodeCache                       = true                                      {product} {ergonomic}
   size_t SoftMaxHeapSize                          = 536870912                              {manageable} {ergonomic}
     bool UseCompressedOops                        = true                           {product lp64_product} {ergonomic}
     bool UseG1GC                                  = true                                      {product} {ergonomic}
     bool UseLargePagesIndividualAllocation        = false                                  {pd product} {ergonomic}

Logging:
Log output configuration:
 #0: stdout all=warning uptime,level,tags foldmultilines=false
 #1: stderr all=off uptime,level,tags foldmultilines=false

Environment Variables:
PATH=C:\Program Files\Common Files\Oracle\Java\javapath;C:\WINDOWS\system32;C:\WINDOWS;C:\WINDOWS\System32\Wbem;C:\WINDOWS\System32\WindowsPowerShell\v1.0\;C:\WINDOWS\System32\OpenSSH\;C:\Program Files\Bandizip\;C:\Program Files\Git\cmd;C:\Program Files\nodejs\;C:\Program Files\Docker\Docker\resources\bin;C:\Users\admin\AppData\Local\Microsoft\WindowsApps;C:\Users\admin\AppData\Local\Programs\Microsoft VS Code\bin;C:\Users\admin\AppData\Roaming\npm
USERNAME=admin
OS=Windows_NT
PROCESSOR_IDENTIFIER=Intel64 Family 6 Model 167 Stepping 1, GenuineIntel
TMP=C:\Users\admin\AppData\Local\Temp
TEMP=C:\Users\admin\AppData\Local\Temp




Periodic native trim disabled

---------------  S Y S T E M  ---------------

OS:
 Windows 11 , 64 bit Build 22621 (10.0.22621.3958)
OS uptime: 14 days 12:20 hours
Hyper-V role detected

CPU: total 12 (initial active 12) (6 cores per cpu, 2 threads per core) family 6 model 167 stepping 1 microcode 0x3c, cx8, cmov, fxsr, ht, mmx, 3dnowpref, sse, sse2, sse3, ssse3, sse4.1, sse4.2, popcnt, lzcnt, tsc, tscinvbit, avx, avx2, aes, erms, clmul, bmi1, bmi2, adx, avx512f, avx512dq, avx512cd, avx512bw, avx512vl, sha, fma, vzeroupper, avx512_vpopcntdq, avx512_vpclmulqdq, avx512_vaes, avx512_vnni, clflush, clflushopt, avx512_vbmi2, avx512_vbmi, hv, rdtscp, rdpid, fsrm, gfni, avx512_bitalg, f16c, avx512_ifma
Processor Information for all 12 processors :
  Max Mhz: 2592, Current Mhz: 2592, Mhz Limit: 2592

Memory: 4k page, system-wide physical 16071M (1168M free)
TotalPageFile size 44630M (AvailPageFile size 5M)
current process WorkingSet (physical memory assigned to process): 180M, peak: 180M
current process commit charge ("private bytes"): 415M, peak: 415M

vm_info: Java HotSpot(TM) 64-Bit Server VM (21.0.4+8-LTS-274) for windows-amd64 JRE (21.0.4+8-LTS-274), built on 2024-06-05T05:23:33Z by "mach5one" with MS VC++ 17.6 (VS2022)

END.
